#
# There is insufficient memory for the Java Runtime Environment to continue.
# Native memory allocation (malloc) failed to allocate 919936 bytes for Chunk::new
# Possible reasons:
#   The system is out of physical RAM or swap space
#   The process is running with CompressedOops enabled, and the Java Heap may be blocking the growth of the native heap
# Possible solutions:
#   Reduce memory load on the system
#   Increase physical memory or swap space
#   Check if swap backing store is full
#   Decrease Java heap size (-Xmx/-Xms)
#   Decrease number of Java threads
#   Decrease Java thread stack sizes (-Xss)
#   Set larger code cache with -XX:ReservedCodeCacheSize=
#   JVM is running with Unscaled Compressed Oops mode in which the Java heap is
#     placed in the first 4GB address space. The Java Heap base address is the
#     maximum limit for the native heap growth. Please use -XX:HeapBaseMinAddress
#     to set the Java Heap base and to place the Java Heap above 4GB virtual address.
# This output file may be truncated or incomplete.
#
#  Out of Memory Error (./src/hotspot/share/memory/arena.cpp:197), pid=18392, tid=14108
#
# JRE version: OpenJDK Runtime Environment (11.0.10) (build 11.0.10+0-b96-7249189)
# Java VM: OpenJDK 64-Bit Server VM (11.0.10+0-b96-7249189, mixed mode, tiered, compressed oops, g1 gc, windows-amd64)
# No core dump will be written. Minidumps are not enabled by default on client versions of Windows
#

---------------  S U M M A R Y ------------

Command Line: --add-opens=java.base/java.util=ALL-UNNAMED --add-opens=java.base/java.lang=ALL-UNNAMED --add-opens=java.base/java.lang.invoke=ALL-UNNAMED --add-opens=java.base/java.util=ALL-UNNAMED --add-opens=java.prefs/java.util.prefs=ALL-UNNAMED --add-opens=java.prefs/java.util.prefs=ALL-UNNAMED --add-opens=java.base/java.nio.charset=ALL-UNNAMED --add-opens=java.base/java.net=ALL-UNNAMED --add-opens=java.base/java.util.concurrent.atomic=ALL-UNNAMED -Xmx2048m -Dfile.encoding=UTF-8 -Duser.country=US -Duser.language=en -Duser.variant org.gradle.launcher.daemon.bootstrap.GradleDaemon 7.0.2

Host: Intel(R) Core(TM) i5-9300H CPU @ 2.40GHz, 8 cores, 7G,  Windows 10 , 64 bit Build 19041 (10.0.19041.1348)
Time: Sat Nov 13 08:55:32 2021 SE Asia Standard Time elapsed time: 2075.085414 seconds (0d 0h 34m 35s)

---------------  T H R E A D  ---------------

Current thread (0x0000023829dc0000):  JavaThread "C2 CompilerThread0" daemon [_thread_in_native, id=14108, stack(0x0000007a71000000,0x0000007a71100000)]


Current CompileTask:
C2:2075085 22581 %     4       com.android.tools.r8.internal.U6::a @ 3144 (6044 bytes)

Stack: [0x0000007a71000000,0x0000007a71100000]
Native frames: (J=compiled Java code, j=interpreted, Vv=VM code, C=native code)
V  [jvm.dll+0x5ecfaa]
V  [jvm.dll+0x722bd5]
V  [jvm.dll+0x72412d]
V  [jvm.dll+0x7247e3]
V  [jvm.dll+0x242928]
V  [jvm.dll+0xbc4fc]
V  [jvm.dll+0xbca0c]
V  [jvm.dll+0x2b4fd4]
V  [jvm.dll+0x506028]
V  [jvm.dll+0x1fcbde]
V  [jvm.dll+0x1fa77f]
V  [jvm.dll+0x18354c]
V  [jvm.dll+0x208ee7]
V  [jvm.dll+0x207731]
V  [jvm.dll+0x6eb1cf]
V  [jvm.dll+0x6e3d45]
V  [jvm.dll+0x5ebe96]
C  [ucrtbase.dll+0x21bb2]
C  [KERNEL32.DLL+0x17034]
C  [ntdll.dll+0x52651]


---------------  P R O C E S S  ---------------

Threads class SMR info:
_java_thread_list=0x000002383844b070, length=76, elements={
0x000002380f16b800, 0x0000023829da1800, 0x0000023829dad000, 0x0000023829dba000,
0x0000023829dbb000, 0x0000023829dbd000, 0x0000023829dc0000, 0x0000023829dcb800,
0x0000023829dd3800, 0x000002382a884800, 0x000002382b920000, 0x000002382b913000,
0x000002382a7ff800, 0x000002382cfe5000, 0x000002382cfe8800, 0x000002382cfe4800,
0x000002382cfe3800, 0x000002382cfe9800, 0x000002382cfe7000, 0x000002382ff31000,
0x000002382ff2e800, 0x000002382ff2e000, 0x000002382ff33800, 0x000002382ff2f800,
0x000002382ff32000, 0x000002382ff33000, 0x000002382ff30800, 0x000002382ff39800,
0x000002383054a800, 0x000002383054d000, 0x000002382cfe3000, 0x000002382d429800,
0x000002382d42b000, 0x000002382d42a000, 0x000002382d42c000, 0x000002382d426000,
0x000002382d42c800, 0x000002382d427000, 0x000002382d42d800, 0x000002382d428000,
0x000002382d42e800, 0x000002382d428800, 0x000002382d432800, 0x000002382d435000,
0x000002382d42f000, 0x000002382d430000, 0x000002382d431800, 0x000002382d433000,
0x000002382d434000, 0x000002382d430800, 0x0000023830545000, 0x0000023830546000,
0x0000023830546800, 0x0000023830549000, 0x0000023830544000, 0x000002383054c800,
0x0000023830548800, 0x000002383054f800, 0x0000023830550800, 0x0000023830551800,
0x000002383054b800, 0x0000023830552000, 0x0000023830553000, 0x000002382ff34800,
0x000002382ff35000, 0x000002382ff36000, 0x000002382ff37800, 0x000002382ff3b000,
0x000002382ff3c800, 0x000002382ff37000, 0x000002382cfe6000, 0x000002382cfe7800,
0x000002382ae68000, 0x000002382ae65000, 0x000002382ae66800, 0x000002382ae63000
}

Java Threads: ( => current thread )
  0x000002380f16b800 JavaThread "main" [_thread_blocked, id=12124, stack(0x0000007a70400000,0x0000007a70500000)]
  0x0000023829da1800 JavaThread "Reference Handler" daemon [_thread_blocked, id=3848, stack(0x0000007a70b00000,0x0000007a70c00000)]
  0x0000023829dad000 JavaThread "Finalizer" daemon [_thread_blocked, id=6832, stack(0x0000007a70c00000,0x0000007a70d00000)]
  0x0000023829dba000 JavaThread "Signal Dispatcher" daemon [_thread_blocked, id=11520, stack(0x0000007a70d00000,0x0000007a70e00000)]
  0x0000023829dbb000 JavaThread "Attach Listener" daemon [_thread_blocked, id=7240, stack(0x0000007a70e00000,0x0000007a70f00000)]
  0x0000023829dbd000 JavaThread "Service Thread" daemon [_thread_blocked, id=15192, stack(0x0000007a70f00000,0x0000007a71000000)]
=>0x0000023829dc0000 JavaThread "C2 CompilerThread0" daemon [_thread_in_native, id=14108, stack(0x0000007a71000000,0x0000007a71100000)]
  0x0000023829dcb800 JavaThread "C1 CompilerThread0" daemon [_thread_in_vm, id=12728, stack(0x0000007a71100000,0x0000007a71200000)]
  0x0000023829dd3800 JavaThread "Sweeper thread" daemon [_thread_blocked, id=9104, stack(0x0000007a71200000,0x0000007a71300000)]
  0x000002382a884800 JavaThread "Common-Cleaner" daemon [_thread_blocked, id=4088, stack(0x0000007a71300000,0x0000007a71400000)]
  0x000002382b920000 JavaThread "Daemon health stats" [_thread_blocked, id=13088, stack(0x0000007a71900000,0x0000007a71a00000)]
  0x000002382b913000 JavaThread "Incoming local TCP Connector on port 57035" [_thread_in_native, id=4652, stack(0x0000007a71500000,0x0000007a71600000)]
  0x000002382a7ff800 JavaThread "Daemon periodic checks" [_thread_blocked, id=9800, stack(0x0000007a71600000,0x0000007a71700000)]
  0x000002382cfe5000 JavaThread "Cache worker for file hash cache (C:\Users\ASUS\.gradle\caches\7.0.2\fileHashes)" [_thread_blocked, id=4680, stack(0x0000007a72600000,0x0000007a72700000)]
  0x000002382cfe8800 JavaThread "File lock request listener" [_thread_in_native, id=4444, stack(0x0000007a72700000,0x0000007a72800000)]
  0x000002382cfe4800 JavaThread "Cache worker for journal cache (C:\Users\ASUS\.gradle\caches\journal-1)" [_thread_blocked, id=9744, stack(0x0000007a72900000,0x0000007a72a00000)]
  0x000002382cfe3800 JavaThread "File watcher server" daemon [_thread_in_native, id=17864, stack(0x0000007a72d00000,0x0000007a72e00000)]
  0x000002382cfe9800 JavaThread "File watcher consumer" daemon [_thread_blocked, id=2416, stack(0x0000007a72e00000,0x0000007a72f00000)]
  0x000002382cfe7000 JavaThread "jar transforms" [_thread_blocked, id=16312, stack(0x0000007a72f00000,0x0000007a73000000)]
  0x000002382ff31000 JavaThread "jar transforms Thread 2" [_thread_blocked, id=17164, stack(0x0000007a73000000,0x0000007a73100000)]
  0x000002382ff2e800 JavaThread "jar transforms Thread 3" [_thread_blocked, id=12068, stack(0x0000007a73100000,0x0000007a73200000)]
  0x000002382ff2e000 JavaThread "jar transforms Thread 4" [_thread_blocked, id=7160, stack(0x0000007a73200000,0x0000007a73300000)]
  0x000002382ff33800 JavaThread "jar transforms Thread 5" [_thread_blocked, id=4900, stack(0x0000007a73300000,0x0000007a73400000)]
  0x000002382ff2f800 JavaThread "jar transforms Thread 6" [_thread_blocked, id=3684, stack(0x0000007a73400000,0x0000007a73500000)]
  0x000002382ff32000 JavaThread "jar transforms Thread 7" [_thread_blocked, id=4492, stack(0x0000007a73500000,0x0000007a73600000)]
  0x000002382ff33000 JavaThread "jar transforms Thread 8" [_thread_blocked, id=9868, stack(0x0000007a73600000,0x0000007a73700000)]
  0x000002382ff30800 JavaThread "Cache worker for execution history cache (C:\Users\ASUS\.gradle\caches\7.0.2\executionHistory)" [_thread_blocked, id=17928, stack(0x0000007a73a00000,0x0000007a73b00000)]
  0x000002382ff39800 JavaThread "Cache worker for file content cache (C:\Users\ASUS\.gradle\caches\7.0.2\fileContent)" [_thread_blocked, id=15616, stack(0x0000007a73b00000,0x0000007a73c00000)]
  0x000002383054a800 JavaThread "Memory manager" [_thread_blocked, id=7788, stack(0x0000007a74600000,0x0000007a74700000)]
  0x000002383054d000 JavaThread "pool-3-thread-1" [_thread_blocked, id=2844, stack(0x0000007a74700000,0x0000007a74800000)]
  0x000002382cfe3000 JavaThread "pool-6-thread-1" [_thread_blocked, id=6092, stack(0x0000007a74300000,0x0000007a74400000)]
  0x000002382d429800 JavaThread "pool-9-thread-1" [_thread_blocked, id=1216, stack(0x0000007a74400000,0x0000007a74500000)]
  0x000002382d42b000 JavaThread "Daemon Thread 3" [_thread_blocked, id=1796, stack(0x0000007a70100000,0x0000007a70200000)]
  0x000002382d42a000 JavaThread "Handler for socket connection from /127.0.0.1:57035 to /127.0.0.1:56146" [_thread_in_native, id=11296, stack(0x0000007a70200000,0x0000007a70300000)]
  0x000002382d42c000 JavaThread "Cancel handler" [_thread_blocked, id=9820, stack(0x0000007a70300000,0x0000007a70400000)]
  0x000002382d426000 JavaThread "Daemon worker Thread 3" [_thread_blocked, id=15132, stack(0x0000007a71a00000,0x0000007a71b00000)]
  0x000002382d42c800 JavaThread "Asynchronous log dispatcher for DefaultDaemonConnection: socket connection from /127.0.0.1:57035 to /127.0.0.1:56146" [_thread_blocked, id=15168, stack(0x0000007a71b00000,0x0000007a71c00000)]
  0x000002382d427000 JavaThread "Stdin handler" [_thread_blocked, id=872, stack(0x0000007a71c00000,0x0000007a71d00000)]
  0x000002382d42d800 JavaThread "Daemon client event forwarder" [_thread_blocked, id=3576, stack(0x0000007a71d00000,0x0000007a71e00000)]
  0x000002382d428000 JavaThread "Cache worker for file hash cache (D:\FPT Polytechnic\Semester 4\DuAn1\.gradle\7.0.2\fileHashes)" [_thread_blocked, id=14208, stack(0x0000007a71e00000,0x0000007a71f00000)]
  0x000002382d42e800 JavaThread "C2 CompilerThread1" daemon [_thread_in_native, id=6168, stack(0x0000007a71f00000,0x0000007a72000000)]
  0x000002382d428800 JavaThread "Cache worker for checksums cache (D:\FPT Polytechnic\Semester 4\DuAn1\.gradle\checksums)" [_thread_blocked, id=14052, stack(0x0000007a72000000,0x0000007a72100000)]
  0x000002382d432800 JavaThread "Cache worker for cache directory md-supplier (C:\Users\ASUS\.gradle\caches\7.0.2\md-supplier)" [_thread_blocked, id=1064, stack(0x0000007a72a00000,0x0000007a72b00000)]
  0x000002382d435000 JavaThread "Cache worker for cache directory md-rule (C:\Users\ASUS\.gradle\caches\7.0.2\md-rule)" [_thread_blocked, id=1768, stack(0x0000007a72b00000,0x0000007a72c00000)]
  0x000002382d42f000 JavaThread "Cache worker for dependencies-accessors (D:\FPT Polytechnic\Semester 4\DuAn1\.gradle\7.0.2\dependencies-accessors)" [_thread_blocked, id=6432, stack(0x0000007a72c00000,0x0000007a72d00000)]
  0x000002382d430000 JavaThread "Cache worker for Build Output Cleanup Cache (D:\FPT Polytechnic\Semester 4\DuAn1\.gradle\buildOutputCleanup)" [_thread_blocked, id=14128, stack(0x0000007a73700000,0x0000007a73800000)]
  0x000002382d431800 JavaThread "Build operations" [_thread_blocked, id=1528, stack(0x0000007a73800000,0x0000007a73900000)]
  0x000002382d433000 JavaThread "Build operations Thread 2" [_thread_blocked, id=15512, stack(0x0000007a73900000,0x0000007a73a00000)]
  0x000002382d434000 JavaThread "Build operations Thread 3" [_thread_blocked, id=13560, stack(0x0000007a73c00000,0x0000007a73d00000)]
  0x000002382d430800 JavaThread "Build operations Thread 4" [_thread_in_Java, id=11432, stack(0x0000007a73d00000,0x0000007a73e00000)]
  0x0000023830545000 JavaThread "Build operations Thread 5" [_thread_in_Java, id=12768, stack(0x0000007a73e00000,0x0000007a73f00000)]
  0x0000023830546000 JavaThread "Build operations Thread 6" [_thread_blocked, id=9664, stack(0x0000007a73f00000,0x0000007a74000000)]
  0x0000023830546800 JavaThread "Build operations Thread 7" [_thread_blocked, id=11588, stack(0x0000007a74000000,0x0000007a74100000)]
  0x0000023830549000 JavaThread "Build operations Thread 8" [_thread_blocked, id=860, stack(0x0000007a74100000,0x0000007a74200000)]
  0x0000023830544000 JavaThread "build event listener" [_thread_blocked, id=3812, stack(0x0000007a74200000,0x0000007a74300000)]
  0x000002383054c800 JavaThread "pool-12-thread-1" [_thread_blocked, id=3716, stack(0x0000007a74800000,0x0000007a74900000)]
  0x0000023830548800 JavaThread "build event listener" [_thread_blocked, id=13028, stack(0x0000007a74900000,0x0000007a74a00000)]
  0x000002383054f800 JavaThread "Execution worker for ':'" [_thread_blocked, id=1308, stack(0x0000007a74a00000,0x0000007a74b00000)]
  0x0000023830550800 JavaThread "Execution worker for ':' Thread 2" [_thread_blocked, id=2332, stack(0x0000007a74b00000,0x0000007a74c00000)]
  0x0000023830551800 JavaThread "Execution worker for ':' Thread 3" [_thread_blocked, id=15252, stack(0x0000007a74c00000,0x0000007a74d00000)]
  0x000002383054b800 JavaThread "Execution worker for ':' Thread 4" [_thread_blocked, id=8976, stack(0x0000007a74d00000,0x0000007a74e00000)]
  0x0000023830552000 JavaThread "Execution worker for ':' Thread 5" [_thread_blocked, id=17176, stack(0x0000007a74e00000,0x0000007a74f00000)]
  0x0000023830553000 JavaThread "Execution worker for ':' Thread 6" [_thread_blocked, id=6872, stack(0x0000007a74f00000,0x0000007a75000000)]
  0x000002382ff34800 JavaThread "Execution worker for ':' Thread 7" [_thread_blocked, id=3340, stack(0x0000007a75000000,0x0000007a75100000)]
  0x000002382ff35000 JavaThread "Cache worker for execution history cache (D:\FPT Polytechnic\Semester 4\DuAn1\.gradle\7.0.2\executionHistory)" [_thread_blocked, id=16528, stack(0x0000007a75100000,0x0000007a75200000)]
  0x000002382ff36000 JavaThread "WorkerExecutor Queue" [_thread_blocked, id=2868, stack(0x0000007a75700000,0x0000007a75800000)]
  0x000002382ff37800 JavaThread "WorkerExecutor Queue Thread 2" [_thread_blocked, id=14992, stack(0x0000007a75800000,0x0000007a75900000)]
  0x000002382ff3b000 JavaThread "WorkerExecutor Queue Thread 3" [_thread_blocked, id=15112, stack(0x0000007a75900000,0x0000007a75a00000)]
  0x000002382ff3c800 JavaThread "WorkerExecutor Queue Thread 4" [_thread_blocked, id=11104, stack(0x0000007a75a00000,0x0000007a75b00000)]
  0x000002382ff37000 JavaThread "WorkerExecutor Queue Thread 5" [_thread_blocked, id=14356, stack(0x0000007a75b00000,0x0000007a75c00000)]
  0x000002382cfe6000 JavaThread "WorkerExecutor Queue Thread 6" [_thread_blocked, id=8248, stack(0x0000007a75c00000,0x0000007a75d00000)]
  0x000002382cfe7800 JavaThread "WorkerExecutor Queue Thread 7" [_thread_blocked, id=2412, stack(0x0000007a75d00000,0x0000007a75e00000)]
  0x000002382ae68000 JavaThread "WorkerExecutor Queue Thread 8" [_thread_blocked, id=13448, stack(0x0000007a75e00000,0x0000007a75f00000)]
  0x000002382ae65000 JavaThread "pool-13-thread-1" [_thread_blocked, id=4056, stack(0x0000007a75f00000,0x0000007a76000000)]
  0x000002382ae66800 JavaThread "stderr" [_thread_in_native, id=18340, stack(0x0000007a76000000,0x0000007a76100000)]
  0x000002382ae63000 JavaThread "stdout" [_thread_in_native, id=14020, stack(0x0000007a76100000,0x0000007a76200000)]

Other Threads:
  0x0000023829d9d800 VMThread "VM Thread" [stack: 0x0000007a70a00000,0x0000007a70b00000] [id=15208]
  0x000002382a88e000 WatcherThread [stack: 0x0000007a71400000,0x0000007a71500000] [id=13160]
  0x000002380f186000 GCTaskThread "GC Thread#0" [stack: 0x0000007a70500000,0x0000007a70600000] [id=11012]
  0x000002382b2d9000 GCTaskThread "GC Thread#1" [stack: 0x0000007a71700000,0x0000007a71800000] [id=17672]
  0x000002382b57d800 GCTaskThread "GC Thread#2" [stack: 0x0000007a71800000,0x0000007a71900000] [id=10768]
  0x000002382ca3a800 GCTaskThread "GC Thread#3" [stack: 0x0000007a72100000,0x0000007a72200000] [id=1920]
  0x000002382c786000 GCTaskThread "GC Thread#4" [stack: 0x0000007a72200000,0x0000007a72300000] [id=5824]
  0x000002382c786800 GCTaskThread "GC Thread#5" [stack: 0x0000007a72300000,0x0000007a72400000] [id=11736]
  0x000002382ba7a800 GCTaskThread "GC Thread#6" [stack: 0x0000007a72400000,0x0000007a72500000] [id=1592]
  0x000002382ba7b000 GCTaskThread "GC Thread#7" [stack: 0x0000007a72500000,0x0000007a72600000] [id=2736]
  0x000002380f1b6000 ConcurrentGCThread "G1 Main Marker" [stack: 0x0000007a70600000,0x0000007a70700000] [id=16512]
  0x000002380f1b7800 ConcurrentGCThread "G1 Conc#0" [stack: 0x0000007a70700000,0x0000007a70800000] [id=9888]
  0x000002382c795800 ConcurrentGCThread "G1 Conc#1" [stack: 0x0000007a72800000,0x0000007a72900000] [id=15664]
  0x000002380f249800 ConcurrentGCThread "G1 Refine#0" [stack: 0x0000007a70800000,0x0000007a70900000] [id=4112]
  0x000002382fbb6800 ConcurrentGCThread "G1 Refine#1" [stack: 0x0000007a75200000,0x0000007a75300000] [id=144]
  0x0000023838953800 ConcurrentGCThread "G1 Refine#2" [stack: 0x0000007a75300000,0x0000007a75400000] [id=13852]
  0x000002382b44d800 ConcurrentGCThread "G1 Refine#3" [stack: 0x0000007a75400000,0x0000007a75500000] [id=7772]
  0x0000023838491000 ConcurrentGCThread "G1 Refine#4" [stack: 0x0000007a75500000,0x0000007a75600000] [id=15472]
  0x000002382e341800 ConcurrentGCThread "G1 Refine#5" [stack: 0x0000007a75600000,0x0000007a75700000] [id=3864]
  0x0000023829bf0800 ConcurrentGCThread "G1 Young RemSet Sampling" [stack: 0x0000007a70900000,0x0000007a70a00000] [id=17228]

Threads with active compile tasks:
C2 CompilerThread02075129 22581 %     4       com.android.tools.r8.internal.U6::a @ 3144 (6044 bytes)
C1 CompilerThread02075129 22756       2       com.android.tools.r8.internal.nh::e (19 bytes)
C2 CompilerThread12075129 22588       4       com.android.tools.r8.internal.oh::a (990 bytes)

VM state:not at safepoint (normal execution)

VM Mutex/Monitor currently owned by a thread: None

Heap address: 0x0000000080000000, size: 2048 MB, Compressed Oops mode: 32-bit
Narrow klass base: 0x0000000000000000, Narrow klass shift: 3
Compressed class space size: 1073741824 Address: 0x0000000100000000

Heap:
 garbage-first heap   total 324608K, used 228475K [0x0000000080000000, 0x0000000100000000)
  region size 1024K, 92 young (94208K), 9 survivors (9216K)
 Metaspace       used 138325K, capacity 142345K, committed 142680K, reserved 1173504K
  class space    used 17171K, capacity 18629K, committed 18776K, reserved 1048576K
Heap Regions: E=young(eden), S=young(survivor), O=old, HS=humongous(starts), HC=humongous(continues), CS=collection set, F=free, A=archive, TAMS=top-at-mark-start (previous, next)
|   0|0x0000000080000000, 0x0000000080100000, 0x0000000080100000|100%| O|  |TAMS 0x0000000080100000, 0x0000000080000000| Untracked 
|   1|0x0000000080100000, 0x0000000080200000, 0x0000000080200000|100%| O|  |TAMS 0x0000000080200000, 0x0000000080100000| Untracked 
|   2|0x0000000080200000, 0x0000000080300000, 0x0000000080300000|100%| O|  |TAMS 0x0000000080300000, 0x0000000080200000| Untracked 
|   3|0x0000000080300000, 0x0000000080400000, 0x0000000080400000|100%|HS|  |TAMS 0x0000000080400000, 0x0000000080300000| Complete 
|   4|0x0000000080400000, 0x0000000080500000, 0x0000000080500000|100%|HC|  |TAMS 0x0000000080500000, 0x0000000080400000| Complete 
|   5|0x0000000080500000, 0x0000000080600000, 0x0000000080600000|100%|HC|  |TAMS 0x0000000080600000, 0x0000000080500000| Complete 
|   6|0x0000000080600000, 0x0000000080700000, 0x0000000080700000|100%| O|  |TAMS 0x0000000080700000, 0x0000000080600000| Untracked 
|   7|0x0000000080700000, 0x0000000080800000, 0x0000000080800000|100%| O|  |TAMS 0x0000000080800000, 0x0000000080700000| Untracked 
|   8|0x0000000080800000, 0x0000000080900000, 0x0000000080900000|100%| O|  |TAMS 0x0000000080900000, 0x0000000080800000| Untracked 
|   9|0x0000000080900000, 0x0000000080a00000, 0x0000000080a00000|100%| O|  |TAMS 0x0000000080a00000, 0x0000000080900000| Untracked 
|  10|0x0000000080a00000, 0x0000000080b00000, 0x0000000080b00000|100%| O|  |TAMS 0x0000000080b00000, 0x0000000080a00000| Untracked 
|  11|0x0000000080b00000, 0x0000000080c00000, 0x0000000080c00000|100%| O|  |TAMS 0x0000000080c00000, 0x0000000080b00000| Untracked 
|  12|0x0000000080c00000, 0x0000000080d00000, 0x0000000080d00000|100%| O|  |TAMS 0x0000000080d00000, 0x0000000080c00000| Untracked 
|  13|0x0000000080d00000, 0x0000000080e00000, 0x0000000080e00000|100%| O|  |TAMS 0x0000000080e00000, 0x0000000080d00000| Untracked 
|  14|0x0000000080e00000, 0x0000000080f00000, 0x0000000080f00000|100%| O|  |TAMS 0x0000000080f00000, 0x0000000080e00000| Untracked 
|  15|0x0000000080f00000, 0x0000000081000000, 0x0000000081000000|100%| O|  |TAMS 0x0000000081000000, 0x0000000080f00000| Untracked 
|  16|0x0000000081000000, 0x0000000081100000, 0x0000000081100000|100%|HS|  |TAMS 0x0000000081100000, 0x0000000081000000| Complete 
|  17|0x0000000081100000, 0x0000000081200000, 0x0000000081200000|100%|HC|  |TAMS 0x0000000081200000, 0x0000000081100000| Complete 
|  18|0x0000000081200000, 0x0000000081300000, 0x0000000081300000|100%|HS|  |TAMS 0x0000000081300000, 0x0000000081200000| Complete 
|  19|0x0000000081300000, 0x0000000081400000, 0x0000000081400000|100%|HC|  |TAMS 0x0000000081400000, 0x0000000081300000| Complete 
|  20|0x0000000081400000, 0x0000000081500000, 0x0000000081500000|100%|HC|  |TAMS 0x0000000081500000, 0x0000000081400000| Complete 
|  21|0x0000000081500000, 0x0000000081600000, 0x0000000081600000|100%|HS|  |TAMS 0x0000000081600000, 0x0000000081500000| Complete 
|  22|0x0000000081600000, 0x0000000081700000, 0x0000000081700000|100%|HC|  |TAMS 0x0000000081700000, 0x0000000081600000| Complete 
|  23|0x0000000081700000, 0x0000000081800000, 0x0000000081800000|100%|HC|  |TAMS 0x0000000081800000, 0x0000000081700000| Complete 
|  24|0x0000000081800000, 0x0000000081900000, 0x0000000081900000|100%|HC|  |TAMS 0x0000000081900000, 0x0000000081800000| Complete 
|  25|0x0000000081900000, 0x0000000081a00000, 0x0000000081a00000|100%|HC|  |TAMS 0x0000000081a00000, 0x0000000081900000| Complete 
|  26|0x0000000081a00000, 0x0000000081b00000, 0x0000000081b00000|100%| O|  |TAMS 0x0000000081b00000, 0x0000000081a00000| Untracked 
|  27|0x0000000081b00000, 0x0000000081c00000, 0x0000000081c00000|100%| O|  |TAMS 0x0000000081c00000, 0x0000000081b00000| Untracked 
|  28|0x0000000081c00000, 0x0000000081d00000, 0x0000000081d00000|100%| O|  |TAMS 0x0000000081d00000, 0x0000000081c00000| Untracked 
|  29|0x0000000081d00000, 0x0000000081e00000, 0x0000000081e00000|100%| O|  |TAMS 0x0000000081e00000, 0x0000000081d00000| Untracked 
|  30|0x0000000081e00000, 0x0000000081f00000, 0x0000000081f00000|100%| O|  |TAMS 0x0000000081f00000, 0x0000000081e00000| Untracked 
|  31|0x0000000081f00000, 0x0000000082000000, 0x0000000082000000|100%| O|  |TAMS 0x0000000082000000, 0x0000000081f00000| Untracked 
|  32|0x0000000082000000, 0x0000000082100000, 0x0000000082100000|100%| O|  |TAMS 0x0000000082100000, 0x0000000082000000| Untracked 
|  33|0x0000000082100000, 0x0000000082200000, 0x0000000082200000|100%| O|  |TAMS 0x0000000082200000, 0x0000000082100000| Untracked 
|  34|0x0000000082200000, 0x0000000082300000, 0x0000000082300000|100%| O|  |TAMS 0x0000000082200000, 0x0000000082200000| Untracked 
|  35|0x0000000082300000, 0x0000000082400000, 0x0000000082400000|100%| O|  |TAMS 0x0000000082300000, 0x0000000082300000| Untracked 
|  36|0x0000000082400000, 0x0000000082500000, 0x0000000082500000|100%| O|  |TAMS 0x0000000082400000, 0x0000000082400000| Untracked 
|  37|0x0000000082500000, 0x000000008255ec00, 0x0000000082600000| 37%| O|  |TAMS 0x0000000082500000, 0x0000000082500000| Untracked 
|  38|0x0000000082600000, 0x0000000082700000, 0x0000000082700000|100%| O|  |TAMS 0x0000000082700000, 0x0000000082600000| Untracked 
|  39|0x0000000082700000, 0x0000000082800000, 0x0000000082800000|100%| O|  |TAMS 0x0000000082800000, 0x0000000082700000| Untracked 
|  40|0x0000000082800000, 0x0000000082900000, 0x0000000082900000|100%| O|  |TAMS 0x0000000082900000, 0x0000000082800000| Untracked 
|  41|0x0000000082900000, 0x0000000082a00000, 0x0000000082a00000|100%|HS|  |TAMS 0x0000000082a00000, 0x0000000082900000| Complete 
|  42|0x0000000082a00000, 0x0000000082a00000, 0x0000000082b00000|  0%| F|  |TAMS 0x0000000082a00000, 0x0000000082a00000| Untracked 
|  43|0x0000000082b00000, 0x0000000082b00000, 0x0000000082c00000|  0%| F|  |TAMS 0x0000000082b00000, 0x0000000082b00000| Untracked 
|  44|0x0000000082c00000, 0x0000000082d00000, 0x0000000082d00000|100%| O|  |TAMS 0x0000000082d00000, 0x0000000082c00000| Untracked 
|  45|0x0000000082d00000, 0x0000000082e00000, 0x0000000082e00000|100%| O|  |TAMS 0x0000000082e00000, 0x0000000082d00000| Untracked 
|  46|0x0000000082e00000, 0x0000000082f00000, 0x0000000082f00000|100%| O|  |TAMS 0x0000000082f00000, 0x0000000082e00000| Untracked 
|  47|0x0000000082f00000, 0x0000000082f00000, 0x0000000083000000|  0%| F|  |TAMS 0x0000000082f00000, 0x0000000082f00000| Untracked 
|  48|0x0000000083000000, 0x0000000083100000, 0x0000000083100000|100%|HS|  |TAMS 0x0000000083100000, 0x0000000083000000| Complete 
|  49|0x0000000083100000, 0x0000000083100000, 0x0000000083200000|  0%| F|  |TAMS 0x0000000083100000, 0x0000000083100000| Untracked 
|  50|0x0000000083200000, 0x0000000083300000, 0x0000000083300000|100%|HS|  |TAMS 0x0000000083300000, 0x0000000083200000| Complete 
|  51|0x0000000083300000, 0x0000000083400000, 0x0000000083400000|100%|HC|  |TAMS 0x0000000083400000, 0x0000000083300000| Complete 
|  52|0x0000000083400000, 0x0000000083500000, 0x0000000083500000|100%|HC|  |TAMS 0x0000000083500000, 0x0000000083400000| Complete 
|  53|0x0000000083500000, 0x0000000083600000, 0x0000000083600000|100%|HC|  |TAMS 0x0000000083600000, 0x0000000083500000| Complete 
|  54|0x0000000083600000, 0x0000000083700000, 0x0000000083700000|100%|HC|  |TAMS 0x0000000083700000, 0x0000000083600000| Complete 
|  55|0x0000000083700000, 0x0000000083800000, 0x0000000083800000|100%|HS|  |TAMS 0x0000000083800000, 0x0000000083700000| Complete 
|  56|0x0000000083800000, 0x0000000083900000, 0x0000000083900000|100%|HC|  |TAMS 0x0000000083900000, 0x0000000083800000| Complete 
|  57|0x0000000083900000, 0x0000000083a00000, 0x0000000083a00000|100%|HC|  |TAMS 0x0000000083a00000, 0x0000000083900000| Complete 
|  58|0x0000000083a00000, 0x0000000083b00000, 0x0000000083b00000|100%|HS|  |TAMS 0x0000000083b00000, 0x0000000083a00000| Complete 
|  59|0x0000000083b00000, 0x0000000083c00000, 0x0000000083c00000|100%|HC|  |TAMS 0x0000000083c00000, 0x0000000083b00000| Complete 
|  60|0x0000000083c00000, 0x0000000083d00000, 0x0000000083d00000|100%| O|  |TAMS 0x0000000083d00000, 0x0000000083c00000| Untracked 
|  61|0x0000000083d00000, 0x0000000083e00000, 0x0000000083e00000|100%| O|  |TAMS 0x0000000083e00000, 0x0000000083d00000| Untracked 
|  62|0x0000000083e00000, 0x0000000083f00000, 0x0000000083f00000|100%| O|  |TAMS 0x0000000083f00000, 0x0000000083e00000| Untracked 
|  63|0x0000000083f00000, 0x0000000084000000, 0x0000000084000000|100%| O|  |TAMS 0x0000000084000000, 0x0000000083f00000| Untracked 
|  64|0x0000000084000000, 0x0000000084100000, 0x0000000084100000|100%| O|  |TAMS 0x0000000084100000, 0x0000000084000000| Untracked 
|  65|0x0000000084100000, 0x0000000084200000, 0x0000000084200000|100%| O|  |TAMS 0x0000000084200000, 0x0000000084100000| Untracked 
|  66|0x0000000084200000, 0x0000000084300000, 0x0000000084300000|100%| O|  |TAMS 0x0000000084300000, 0x0000000084200000| Untracked 
|  67|0x0000000084300000, 0x0000000084400000, 0x0000000084400000|100%| O|  |TAMS 0x0000000084400000, 0x0000000084300000| Untracked 
|  68|0x0000000084400000, 0x0000000084500000, 0x0000000084500000|100%| O|  |TAMS 0x0000000084500000, 0x0000000084400000| Untracked 
|  69|0x0000000084500000, 0x0000000084500000, 0x0000000084600000|  0%| F|  |TAMS 0x0000000084500000, 0x0000000084500000| Untracked 
|  70|0x0000000084600000, 0x0000000084700000, 0x0000000084700000|100%| O|  |TAMS 0x0000000084700000, 0x0000000084600000| Untracked 
|  71|0x0000000084700000, 0x0000000084800000, 0x0000000084800000|100%| O|  |TAMS 0x0000000084800000, 0x0000000084700000| Untracked 
|  72|0x0000000084800000, 0x0000000084900000, 0x0000000084900000|100%| O|  |TAMS 0x0000000084900000, 0x0000000084800000| Untracked 
|  73|0x0000000084900000, 0x0000000084a00000, 0x0000000084a00000|100%| O|  |TAMS 0x0000000084a00000, 0x0000000084900000| Untracked 
|  74|0x0000000084a00000, 0x0000000084b00000, 0x0000000084b00000|100%| O|  |TAMS 0x0000000084b00000, 0x0000000084a00000| Untracked 
|  75|0x0000000084b00000, 0x0000000084c00000, 0x0000000084c00000|100%| O|  |TAMS 0x0000000084c00000, 0x0000000084b00000| Untracked 
|  76|0x0000000084c00000, 0x0000000084d00000, 0x0000000084d00000|100%| O|  |TAMS 0x0000000084d00000, 0x0000000084c00000| Untracked 
|  77|0x0000000084d00000, 0x0000000084e00000, 0x0000000084e00000|100%| O|  |TAMS 0x0000000084e00000, 0x0000000084d00000| Untracked 
|  78|0x0000000084e00000, 0x0000000084f00000, 0x0000000084f00000|100%| O|  |TAMS 0x0000000084f00000, 0x0000000084e00000| Untracked 
|  79|0x0000000084f00000, 0x0000000084f00000, 0x0000000085000000|  0%| F|  |TAMS 0x0000000084f00000, 0x0000000084f00000| Untracked 
|  80|0x0000000085000000, 0x0000000085000000, 0x0000000085100000|  0%| F|  |TAMS 0x0000000085000000, 0x0000000085000000| Untracked 
|  81|0x0000000085100000, 0x0000000085200000, 0x0000000085200000|100%| O|  |TAMS 0x0000000085200000, 0x0000000085100000| Untracked 
|  82|0x0000000085200000, 0x0000000085300000, 0x0000000085300000|100%| O|  |TAMS 0x0000000085300000, 0x0000000085200000| Untracked 
|  83|0x0000000085300000, 0x0000000085400000, 0x0000000085400000|100%| O|  |TAMS 0x0000000085400000, 0x0000000085300000| Untracked 
|  84|0x0000000085400000, 0x0000000085500000, 0x0000000085500000|100%| O|  |TAMS 0x0000000085500000, 0x0000000085400000| Untracked 
|  85|0x0000000085500000, 0x0000000085600000, 0x0000000085600000|100%| O|  |TAMS 0x0000000085600000, 0x0000000085500000| Untracked 
|  86|0x0000000085600000, 0x0000000085700000, 0x0000000085700000|100%| O|  |TAMS 0x0000000085700000, 0x0000000085600000| Untracked 
|  87|0x0000000085700000, 0x0000000085800000, 0x0000000085800000|100%| O|  |TAMS 0x0000000085800000, 0x0000000085700000| Untracked 
|  88|0x0000000085800000, 0x0000000085900000, 0x0000000085900000|100%| O|  |TAMS 0x0000000085900000, 0x0000000085800000| Untracked 
|  89|0x0000000085900000, 0x0000000085a00000, 0x0000000085a00000|100%| O|  |TAMS 0x0000000085a00000, 0x0000000085900000| Untracked 
|  90|0x0000000085a00000, 0x0000000085b00000, 0x0000000085b00000|100%| O|  |TAMS 0x0000000085b00000, 0x0000000085a00000| Untracked 
|  91|0x0000000085b00000, 0x0000000085c00000, 0x0000000085c00000|100%| O|  |TAMS 0x0000000085c00000, 0x0000000085b00000| Untracked 
|  92|0x0000000085c00000, 0x0000000085d00000, 0x0000000085d00000|100%| O|  |TAMS 0x0000000085d00000, 0x0000000085c00000| Untracked 
|  93|0x0000000085d00000, 0x0000000085e00000, 0x0000000085e00000|100%| O|  |TAMS 0x0000000085e00000, 0x0000000085d00000| Untracked 
|  94|0x0000000085e00000, 0x0000000085e00000, 0x0000000085f00000|  0%| F|  |TAMS 0x0000000085e00000, 0x0000000085e00000| Untracked 
|  95|0x0000000085f00000, 0x0000000086000000, 0x0000000086000000|100%| O|  |TAMS 0x0000000086000000, 0x0000000085f00000| Untracked 
|  96|0x0000000086000000, 0x0000000086100000, 0x0000000086100000|100%| O|  |TAMS 0x0000000086000000, 0x0000000086000000| Untracked 
|  97|0x0000000086100000, 0x0000000086200000, 0x0000000086200000|100%| O|  |TAMS 0x0000000086200000, 0x0000000086100000| Untracked 
|  98|0x0000000086200000, 0x0000000086300000, 0x0000000086300000|100%| O|  |TAMS 0x0000000086300000, 0x0000000086200000| Untracked 
|  99|0x0000000086300000, 0x0000000086400000, 0x0000000086400000|100%| O|  |TAMS 0x0000000086400000, 0x0000000086300000| Untracked 
| 100|0x0000000086400000, 0x0000000086500000, 0x0000000086500000|100%| O|  |TAMS 0x0000000086500000, 0x0000000086400000| Untracked 
| 101|0x0000000086500000, 0x0000000086600000, 0x0000000086600000|100%| O|  |TAMS 0x0000000086600000, 0x0000000086500000| Untracked 
| 102|0x0000000086600000, 0x0000000086700000, 0x0000000086700000|100%| O|  |TAMS 0x0000000086700000, 0x0000000086600000| Untracked 
| 103|0x0000000086700000, 0x0000000086800000, 0x0000000086800000|100%| O|  |TAMS 0x0000000086800000, 0x0000000086700000| Untracked 
| 104|0x0000000086800000, 0x0000000086900000, 0x0000000086900000|100%| O|  |TAMS 0x0000000086900000, 0x0000000086800000| Untracked 
| 105|0x0000000086900000, 0x0000000086a00000, 0x0000000086a00000|100%| O|  |TAMS 0x0000000086a00000, 0x0000000086900000| Untracked 
| 106|0x0000000086a00000, 0x0000000086b00000, 0x0000000086b00000|100%| O|  |TAMS 0x0000000086b00000, 0x0000000086a00000| Untracked 
| 107|0x0000000086b00000, 0x0000000086c00000, 0x0000000086c00000|100%| O|  |TAMS 0x0000000086c00000, 0x0000000086b00000| Untracked 
| 108|0x0000000086c00000, 0x0000000086d00000, 0x0000000086d00000|100%| O|  |TAMS 0x0000000086d00000, 0x0000000086c00000| Untracked 
| 109|0x0000000086d00000, 0x0000000086e00000, 0x0000000086e00000|100%| O|  |TAMS 0x0000000086e00000, 0x0000000086d00000| Untracked 
| 110|0x0000000086e00000, 0x0000000086f00000, 0x0000000086f00000|100%| O|  |TAMS 0x0000000086f00000, 0x0000000086e00000| Untracked 
| 111|0x0000000086f00000, 0x0000000087000000, 0x0000000087000000|100%| O|  |TAMS 0x0000000087000000, 0x0000000086f00000| Untracked 
| 112|0x0000000087000000, 0x0000000087000000, 0x0000000087100000|  0%| F|  |TAMS 0x0000000087000000, 0x0000000087000000| Untracked 
| 113|0x0000000087100000, 0x0000000087100000, 0x0000000087200000|  0%| F|  |TAMS 0x0000000087100000, 0x0000000087100000| Untracked 
| 114|0x0000000087200000, 0x0000000087300000, 0x0000000087300000|100%| O|  |TAMS 0x00000000872bce00, 0x0000000087200000| Untracked 
| 115|0x0000000087300000, 0x0000000087400000, 0x0000000087400000|100%| O|  |TAMS 0x0000000087300000, 0x0000000087300000| Untracked 
| 116|0x0000000087400000, 0x0000000087500000, 0x0000000087500000|100%| O|  |TAMS 0x0000000087500000, 0x0000000087400000| Untracked 
| 117|0x0000000087500000, 0x0000000087600000, 0x0000000087600000|100%| O|  |TAMS 0x0000000087600000, 0x0000000087500000| Untracked 
| 118|0x0000000087600000, 0x0000000087700000, 0x0000000087700000|100%|HS|  |TAMS 0x0000000087600000, 0x0000000087600000| Complete 
| 119|0x0000000087700000, 0x0000000087800000, 0x0000000087800000|100%| O|  |TAMS 0x0000000087700000, 0x0000000087700000| Untracked 
| 120|0x0000000087800000, 0x0000000087900000, 0x0000000087900000|100%| O|  |TAMS 0x0000000087800000, 0x0000000087800000| Untracked 
| 121|0x0000000087900000, 0x0000000087a00000, 0x0000000087a00000|100%| O|  |TAMS 0x0000000087900000, 0x0000000087900000| Untracked 
| 122|0x0000000087a00000, 0x0000000087b00000, 0x0000000087b00000|100%| O|  |TAMS 0x0000000087a00000, 0x0000000087a00000| Untracked 
| 123|0x0000000087b00000, 0x0000000087c00000, 0x0000000087c00000|100%| O|  |TAMS 0x0000000087b00000, 0x0000000087b00000| Untracked 
| 124|0x0000000087c00000, 0x0000000087d00000, 0x0000000087d00000|100%| O|  |TAMS 0x0000000087c00000, 0x0000000087c00000| Untracked 
| 125|0x0000000087d00000, 0x0000000087e00000, 0x0000000087e00000|100%| O|  |TAMS 0x0000000087e00000, 0x0000000087d00000| Untracked 
| 126|0x0000000087e00000, 0x0000000087f00000, 0x0000000087f00000|100%| O|  |TAMS 0x0000000087f00000, 0x0000000087e00000| Untracked 
| 127|0x0000000087f00000, 0x0000000088000000, 0x0000000088000000|100%| O|  |TAMS 0x0000000087f00000, 0x0000000087f00000| Untracked 
| 128|0x0000000088000000, 0x0000000088100000, 0x0000000088100000|100%| O|  |TAMS 0x0000000088000000, 0x0000000088000000| Untracked 
| 129|0x0000000088100000, 0x0000000088200000, 0x0000000088200000|100%| O|  |TAMS 0x0000000088200000, 0x0000000088100000| Untracked 
| 130|0x0000000088200000, 0x0000000088300000, 0x0000000088300000|100%| O|  |TAMS 0x0000000088200000, 0x0000000088200000| Untracked 
| 131|0x0000000088300000, 0x0000000088400000, 0x0000000088400000|100%| O|  |TAMS 0x0000000088400000, 0x0000000088300000| Untracked 
| 132|0x0000000088400000, 0x0000000088500000, 0x0000000088500000|100%| O|  |TAMS 0x0000000088500000, 0x0000000088400000| Untracked 
| 133|0x0000000088500000, 0x0000000088600000, 0x0000000088600000|100%| O|  |TAMS 0x0000000088600000, 0x0000000088500000| Untracked 
| 134|0x0000000088600000, 0x0000000088600000, 0x0000000088700000|  0%| F|  |TAMS 0x0000000088600000, 0x0000000088600000| Untracked 
| 135|0x0000000088700000, 0x0000000088800000, 0x0000000088800000|100%| O|  |TAMS 0x0000000088700000, 0x0000000088700000| Untracked 
| 136|0x0000000088800000, 0x0000000088900000, 0x0000000088900000|100%| O|  |TAMS 0x0000000088800000, 0x0000000088800000| Untracked 
| 137|0x0000000088900000, 0x0000000088a00000, 0x0000000088a00000|100%| O|  |TAMS 0x0000000088900000, 0x0000000088900000| Untracked 
| 138|0x0000000088a00000, 0x0000000088b00000, 0x0000000088b00000|100%| O|  |TAMS 0x0000000088a00000, 0x0000000088a00000| Untracked 
| 139|0x0000000088b00000, 0x0000000088c00000, 0x0000000088c00000|100%| O|  |TAMS 0x0000000088b00000, 0x0000000088b00000| Untracked 
| 140|0x0000000088c00000, 0x0000000088d00000, 0x0000000088d00000|100%| O|  |TAMS 0x0000000088c00000, 0x0000000088c00000| Untracked 
| 141|0x0000000088d00000, 0x0000000088e00000, 0x0000000088e00000|100%| O|  |TAMS 0x0000000088d00000, 0x0000000088d00000| Untracked 
| 142|0x0000000088e00000, 0x0000000088f00000, 0x0000000088f00000|100%| O|  |TAMS 0x0000000088e00000, 0x0000000088e00000| Untracked 
| 143|0x0000000088f00000, 0x0000000088f00000, 0x0000000089000000|  0%| F|  |TAMS 0x0000000088f00000, 0x0000000088f00000| Untracked 
| 144|0x0000000089000000, 0x0000000089100000, 0x0000000089100000|100%| O|  |TAMS 0x0000000089000000, 0x0000000089000000| Untracked 
| 145|0x0000000089100000, 0x0000000089100000, 0x0000000089200000|  0%| F|  |TAMS 0x0000000089100000, 0x0000000089100000| Untracked 
| 146|0x0000000089200000, 0x0000000089200000, 0x0000000089300000|  0%| F|  |TAMS 0x0000000089200000, 0x0000000089200000| Untracked 
| 147|0x0000000089300000, 0x0000000089300000, 0x0000000089400000|  0%| F|  |TAMS 0x0000000089300000, 0x0000000089300000| Untracked 
| 148|0x0000000089400000, 0x0000000089400000, 0x0000000089500000|  0%| F|  |TAMS 0x0000000089400000, 0x0000000089400000| Untracked 
| 149|0x0000000089500000, 0x0000000089500000, 0x0000000089600000|  0%| F|  |TAMS 0x0000000089500000, 0x0000000089500000| Untracked 
| 150|0x0000000089600000, 0x0000000089600000, 0x0000000089700000|  0%| F|  |TAMS 0x0000000089600000, 0x0000000089600000| Untracked 
| 151|0x0000000089700000, 0x0000000089700000, 0x0000000089800000|  0%| F|  |TAMS 0x0000000089700000, 0x0000000089700000| Untracked 
| 152|0x0000000089800000, 0x0000000089800000, 0x0000000089900000|  0%| F|  |TAMS 0x0000000089800000, 0x0000000089800000| Untracked 
| 153|0x0000000089900000, 0x0000000089900000, 0x0000000089a00000|  0%| F|  |TAMS 0x0000000089900000, 0x0000000089900000| Untracked 
| 154|0x0000000089a00000, 0x0000000089a00000, 0x0000000089b00000|  0%| F|  |TAMS 0x0000000089a00000, 0x0000000089a00000| Untracked 
| 155|0x0000000089b00000, 0x0000000089b00000, 0x0000000089c00000|  0%| F|  |TAMS 0x0000000089b00000, 0x0000000089b00000| Untracked 
| 156|0x0000000089c00000, 0x0000000089c00000, 0x0000000089d00000|  0%| F|  |TAMS 0x0000000089c00000, 0x0000000089c00000| Untracked 
| 157|0x0000000089d00000, 0x0000000089d00000, 0x0000000089e00000|  0%| F|  |TAMS 0x0000000089d00000, 0x0000000089d00000| Untracked 
| 158|0x0000000089e00000, 0x0000000089e00000, 0x0000000089f00000|  0%| F|  |TAMS 0x0000000089e00000, 0x0000000089e00000| Untracked 
| 159|0x0000000089f00000, 0x0000000089f00000, 0x000000008a000000|  0%| F|  |TAMS 0x0000000089f00000, 0x0000000089f00000| Untracked 
| 160|0x000000008a000000, 0x000000008a000000, 0x000000008a100000|  0%| F|  |TAMS 0x000000008a000000, 0x000000008a000000| Untracked 
| 161|0x000000008a100000, 0x000000008a100000, 0x000000008a200000|  0%| F|  |TAMS 0x000000008a100000, 0x000000008a100000| Untracked 
| 162|0x000000008a200000, 0x000000008a200000, 0x000000008a300000|  0%| F|  |TAMS 0x000000008a200000, 0x000000008a200000| Untracked 
| 163|0x000000008a300000, 0x000000008a300000, 0x000000008a400000|  0%| F|  |TAMS 0x000000008a300000, 0x000000008a300000| Untracked 
| 164|0x000000008a400000, 0x000000008a400000, 0x000000008a500000|  0%| F|  |TAMS 0x000000008a400000, 0x000000008a400000| Untracked 
| 165|0x000000008a500000, 0x000000008a500000, 0x000000008a600000|  0%| F|  |TAMS 0x000000008a500000, 0x000000008a500000| Untracked 
| 166|0x000000008a600000, 0x000000008a600000, 0x000000008a700000|  0%| F|  |TAMS 0x000000008a600000, 0x000000008a600000| Untracked 
| 167|0x000000008a700000, 0x000000008a700000, 0x000000008a800000|  0%| F|  |TAMS 0x000000008a700000, 0x000000008a700000| Untracked 
| 168|0x000000008a800000, 0x000000008a800000, 0x000000008a900000|  0%| F|  |TAMS 0x000000008a800000, 0x000000008a800000| Untracked 
| 169|0x000000008a900000, 0x000000008a900000, 0x000000008aa00000|  0%| F|  |TAMS 0x000000008a900000, 0x000000008a900000| Untracked 
| 170|0x000000008aa00000, 0x000000008aa00000, 0x000000008ab00000|  0%| F|  |TAMS 0x000000008aa00000, 0x000000008aa00000| Untracked 
| 171|0x000000008ab00000, 0x000000008ab00000, 0x000000008ac00000|  0%| F|  |TAMS 0x000000008ab00000, 0x000000008ab00000| Untracked 
| 172|0x000000008ac00000, 0x000000008ac00000, 0x000000008ad00000|  0%| F|  |TAMS 0x000000008ac00000, 0x000000008ac00000| Untracked 
| 173|0x000000008ad00000, 0x000000008ad00000, 0x000000008ae00000|  0%| F|  |TAMS 0x000000008ad00000, 0x000000008ad00000| Untracked 
| 174|0x000000008ae00000, 0x000000008ae00000, 0x000000008af00000|  0%| F|  |TAMS 0x000000008ae00000, 0x000000008ae00000| Untracked 
| 175|0x000000008af00000, 0x000000008af00000, 0x000000008b000000|  0%| F|  |TAMS 0x000000008af00000, 0x000000008af00000| Untracked 
| 176|0x000000008b000000, 0x000000008b000000, 0x000000008b100000|  0%| F|  |TAMS 0x000000008b000000, 0x000000008b000000| Untracked 
| 177|0x000000008b100000, 0x000000008b100000, 0x000000008b200000|  0%| F|  |TAMS 0x000000008b100000, 0x000000008b100000| Untracked 
| 178|0x000000008b200000, 0x000000008b200000, 0x000000008b300000|  0%| F|  |TAMS 0x000000008b200000, 0x000000008b200000| Untracked 
| 179|0x000000008b300000, 0x000000008b300000, 0x000000008b400000|  0%| F|  |TAMS 0x000000008b300000, 0x000000008b300000| Untracked 
| 180|0x000000008b400000, 0x000000008b400000, 0x000000008b500000|  0%| F|  |TAMS 0x000000008b400000, 0x000000008b400000| Untracked 
| 181|0x000000008b500000, 0x000000008b500000, 0x000000008b600000|  0%| F|  |TAMS 0x000000008b500000, 0x000000008b500000| Untracked 
| 182|0x000000008b600000, 0x000000008b6c02e8, 0x000000008b700000| 75%| S|CS|TAMS 0x000000008b600000, 0x000000008b600000| Complete 
| 183|0x000000008b700000, 0x000000008b800000, 0x000000008b800000|100%| S|CS|TAMS 0x000000008b700000, 0x000000008b700000| Complete 
| 184|0x000000008b800000, 0x000000008b900000, 0x000000008b900000|100%| S|CS|TAMS 0x000000008b800000, 0x000000008b800000| Complete 
| 185|0x000000008b900000, 0x000000008ba00000, 0x000000008ba00000|100%| S|CS|TAMS 0x000000008b900000, 0x000000008b900000| Complete 
| 186|0x000000008ba00000, 0x000000008bb00000, 0x000000008bb00000|100%| S|CS|TAMS 0x000000008ba00000, 0x000000008ba00000| Complete 
| 187|0x000000008bb00000, 0x000000008bc00000, 0x000000008bc00000|100%| S|CS|TAMS 0x000000008bb00000, 0x000000008bb00000| Complete 
| 188|0x000000008bc00000, 0x000000008bd00000, 0x000000008bd00000|100%| S|CS|TAMS 0x000000008bc00000, 0x000000008bc00000| Complete 
| 189|0x000000008bd00000, 0x000000008be00000, 0x000000008be00000|100%| S|CS|TAMS 0x000000008bd00000, 0x000000008bd00000| Complete 
| 190|0x000000008be00000, 0x000000008bf00000, 0x000000008bf00000|100%| S|CS|TAMS 0x000000008be00000, 0x000000008be00000| Complete 
| 191|0x000000008bf00000, 0x000000008bf00000, 0x000000008c000000|  0%| F|  |TAMS 0x000000008bf00000, 0x000000008bf00000| Untracked 
| 192|0x000000008c000000, 0x000000008c000000, 0x000000008c100000|  0%| F|  |TAMS 0x000000008c000000, 0x000000008c000000| Untracked 
| 193|0x000000008c100000, 0x000000008c100000, 0x000000008c200000|  0%| F|  |TAMS 0x000000008c100000, 0x000000008c100000| Untracked 
| 194|0x000000008c200000, 0x000000008c200000, 0x000000008c300000|  0%| F|  |TAMS 0x000000008c200000, 0x000000008c200000| Untracked 
| 195|0x000000008c300000, 0x000000008c300000, 0x000000008c400000|  0%| F|  |TAMS 0x000000008c300000, 0x000000008c300000| Untracked 
| 196|0x000000008c400000, 0x000000008c400000, 0x000000008c500000|  0%| F|  |TAMS 0x000000008c400000, 0x000000008c400000| Untracked 
| 197|0x000000008c500000, 0x000000008c500000, 0x000000008c600000|  0%| F|  |TAMS 0x000000008c500000, 0x000000008c500000| Untracked 
| 198|0x000000008c600000, 0x000000008c600000, 0x000000008c700000|  0%| F|  |TAMS 0x000000008c600000, 0x000000008c600000| Untracked 
| 199|0x000000008c700000, 0x000000008c700000, 0x000000008c800000|  0%| F|  |TAMS 0x000000008c700000, 0x000000008c700000| Untracked 
| 200|0x000000008c800000, 0x000000008c800000, 0x000000008c900000|  0%| F|  |TAMS 0x000000008c800000, 0x000000008c800000| Untracked 
| 201|0x000000008c900000, 0x000000008c900000, 0x000000008ca00000|  0%| F|  |TAMS 0x000000008c900000, 0x000000008c900000| Untracked 
| 202|0x000000008ca00000, 0x000000008ca00000, 0x000000008cb00000|  0%| F|  |TAMS 0x000000008ca00000, 0x000000008ca00000| Untracked 
| 203|0x000000008cb00000, 0x000000008cb00000, 0x000000008cc00000|  0%| F|  |TAMS 0x000000008cb00000, 0x000000008cb00000| Untracked 
| 204|0x000000008cc00000, 0x000000008cc00000, 0x000000008cd00000|  0%| F|  |TAMS 0x000000008cc00000, 0x000000008cc00000| Untracked 
| 205|0x000000008cd00000, 0x000000008cd00000, 0x000000008ce00000|  0%| F|  |TAMS 0x000000008cd00000, 0x000000008cd00000| Untracked 
| 206|0x000000008ce00000, 0x000000008ce00000, 0x000000008cf00000|  0%| F|  |TAMS 0x000000008ce00000, 0x000000008ce00000| Untracked 
| 207|0x000000008cf00000, 0x000000008cf00000, 0x000000008d000000|  0%| F|  |TAMS 0x000000008cf00000, 0x000000008cf00000| Untracked 
| 208|0x000000008d000000, 0x000000008d000000, 0x000000008d100000|  0%| F|  |TAMS 0x000000008d000000, 0x000000008d000000| Untracked 
| 209|0x000000008d100000, 0x000000008d100000, 0x000000008d200000|  0%| F|  |TAMS 0x000000008d100000, 0x000000008d100000| Untracked 
| 210|0x000000008d200000, 0x000000008d200000, 0x000000008d300000|  0%| F|  |TAMS 0x000000008d200000, 0x000000008d200000| Untracked 
| 211|0x000000008d300000, 0x000000008d300000, 0x000000008d400000|  0%| F|  |TAMS 0x000000008d300000, 0x000000008d300000| Untracked 
| 212|0x000000008d400000, 0x000000008d400000, 0x000000008d500000|  0%| F|  |TAMS 0x000000008d400000, 0x000000008d400000| Untracked 
| 213|0x000000008d500000, 0x000000008d500000, 0x000000008d600000|  0%| F|  |TAMS 0x000000008d500000, 0x000000008d500000| Untracked 
| 214|0x000000008d600000, 0x000000008d600000, 0x000000008d700000|  0%| F|  |TAMS 0x000000008d600000, 0x000000008d600000| Untracked 
| 215|0x000000008d700000, 0x000000008d700000, 0x000000008d800000|  0%| F|  |TAMS 0x000000008d700000, 0x000000008d700000| Untracked 
| 216|0x000000008d800000, 0x000000008d800000, 0x000000008d900000|  0%| F|  |TAMS 0x000000008d800000, 0x000000008d800000| Untracked 
| 217|0x000000008d900000, 0x000000008d900000, 0x000000008da00000|  0%| F|  |TAMS 0x000000008d900000, 0x000000008d900000| Untracked 
| 218|0x000000008da00000, 0x000000008da00000, 0x000000008db00000|  0%| F|  |TAMS 0x000000008da00000, 0x000000008da00000| Untracked 
| 219|0x000000008db00000, 0x000000008db00000, 0x000000008dc00000|  0%| F|  |TAMS 0x000000008db00000, 0x000000008db00000| Untracked 
| 220|0x000000008dc00000, 0x000000008dc00000, 0x000000008dd00000|  0%| F|  |TAMS 0x000000008dc00000, 0x000000008dc00000| Untracked 
| 221|0x000000008dd00000, 0x000000008dd00000, 0x000000008de00000|  0%| F|  |TAMS 0x000000008dd00000, 0x000000008dd00000| Untracked 
| 222|0x000000008de00000, 0x000000008de00000, 0x000000008df00000|  0%| F|  |TAMS 0x000000008de00000, 0x000000008de00000| Untracked 
| 223|0x000000008df00000, 0x000000008df00000, 0x000000008e000000|  0%| F|  |TAMS 0x000000008df00000, 0x000000008df00000| Untracked 
| 224|0x000000008e000000, 0x000000008e000000, 0x000000008e100000|  0%| F|  |TAMS 0x000000008e000000, 0x000000008e000000| Untracked 
| 225|0x000000008e100000, 0x000000008e100000, 0x000000008e200000|  0%| F|  |TAMS 0x000000008e100000, 0x000000008e100000| Untracked 
| 226|0x000000008e200000, 0x000000008e200000, 0x000000008e300000|  0%| F|  |TAMS 0x000000008e200000, 0x000000008e200000| Untracked 
| 227|0x000000008e300000, 0x000000008e300000, 0x000000008e400000|  0%| F|  |TAMS 0x000000008e300000, 0x000000008e300000| Untracked 
| 228|0x000000008e400000, 0x000000008e400000, 0x000000008e500000|  0%| F|  |TAMS 0x000000008e400000, 0x000000008e400000| Untracked 
| 229|0x000000008e500000, 0x000000008e500000, 0x000000008e600000|  0%| F|  |TAMS 0x000000008e500000, 0x000000008e500000| Untracked 
| 230|0x000000008e600000, 0x000000008e600000, 0x000000008e700000|  0%| F|  |TAMS 0x000000008e600000, 0x000000008e600000| Untracked 
| 231|0x000000008e700000, 0x000000008e700000, 0x000000008e800000|  0%| F|  |TAMS 0x000000008e700000, 0x000000008e700000| Untracked 
| 232|0x000000008e800000, 0x000000008e880800, 0x000000008e900000| 50%| E|  |TAMS 0x000000008e800000, 0x000000008e800000| Complete 
| 233|0x000000008e900000, 0x000000008ea00000, 0x000000008ea00000|100%| E|CS|TAMS 0x000000008e900000, 0x000000008e900000| Complete 
| 234|0x000000008ea00000, 0x000000008eb00000, 0x000000008eb00000|100%| E|CS|TAMS 0x000000008ea00000, 0x000000008ea00000| Complete 
| 235|0x000000008eb00000, 0x000000008ec00000, 0x000000008ec00000|100%| E|CS|TAMS 0x000000008eb00000, 0x000000008eb00000| Complete 
| 236|0x000000008ec00000, 0x000000008ed00000, 0x000000008ed00000|100%| E|CS|TAMS 0x000000008ec00000, 0x000000008ec00000| Complete 
| 237|0x000000008ed00000, 0x000000008ee00000, 0x000000008ee00000|100%| E|CS|TAMS 0x000000008ed00000, 0x000000008ed00000| Complete 
| 238|0x000000008ee00000, 0x000000008ef00000, 0x000000008ef00000|100%| E|CS|TAMS 0x000000008ee00000, 0x000000008ee00000| Complete 
| 239|0x000000008ef00000, 0x000000008f000000, 0x000000008f000000|100%| E|CS|TAMS 0x000000008ef00000, 0x000000008ef00000| Complete 
| 240|0x000000008f000000, 0x000000008f100000, 0x000000008f100000|100%| E|CS|TAMS 0x000000008f000000, 0x000000008f000000| Complete 
| 241|0x000000008f100000, 0x000000008f200000, 0x000000008f200000|100%| E|CS|TAMS 0x000000008f100000, 0x000000008f100000| Complete 
| 242|0x000000008f200000, 0x000000008f300000, 0x000000008f300000|100%| E|CS|TAMS 0x000000008f200000, 0x000000008f200000| Complete 
| 243|0x000000008f300000, 0x000000008f400000, 0x000000008f400000|100%| E|CS|TAMS 0x000000008f300000, 0x000000008f300000| Complete 
| 244|0x000000008f400000, 0x000000008f500000, 0x000000008f500000|100%| E|CS|TAMS 0x000000008f400000, 0x000000008f400000| Complete 
| 245|0x000000008f500000, 0x000000008f600000, 0x000000008f600000|100%| E|CS|TAMS 0x000000008f500000, 0x000000008f500000| Complete 
| 246|0x000000008f600000, 0x000000008f700000, 0x000000008f700000|100%| E|CS|TAMS 0x000000008f600000, 0x000000008f600000| Complete 
| 247|0x000000008f700000, 0x000000008f800000, 0x000000008f800000|100%| E|CS|TAMS 0x000000008f700000, 0x000000008f700000| Complete 
| 248|0x000000008f800000, 0x000000008f900000, 0x000000008f900000|100%| E|CS|TAMS 0x000000008f800000, 0x000000008f800000| Complete 
| 249|0x000000008f900000, 0x000000008fa00000, 0x000000008fa00000|100%| E|CS|TAMS 0x000000008f900000, 0x000000008f900000| Complete 
| 250|0x000000008fa00000, 0x000000008fb00000, 0x000000008fb00000|100%| E|CS|TAMS 0x000000008fa00000, 0x000000008fa00000| Complete 
| 251|0x000000008fb00000, 0x000000008fc00000, 0x000000008fc00000|100%| E|CS|TAMS 0x000000008fb00000, 0x000000008fb00000| Complete 
| 252|0x000000008fc00000, 0x000000008fd00000, 0x000000008fd00000|100%| E|CS|TAMS 0x000000008fc00000, 0x000000008fc00000| Complete 
| 253|0x000000008fd00000, 0x000000008fe00000, 0x000000008fe00000|100%| E|CS|TAMS 0x000000008fd00000, 0x000000008fd00000| Complete 
| 254|0x000000008fe00000, 0x000000008ff00000, 0x000000008ff00000|100%| E|CS|TAMS 0x000000008fe00000, 0x000000008fe00000| Complete 
| 255|0x000000008ff00000, 0x0000000090000000, 0x0000000090000000|100%| E|CS|TAMS 0x000000008ff00000, 0x000000008ff00000| Complete 
| 256|0x0000000090000000, 0x0000000090100000, 0x0000000090100000|100%| E|CS|TAMS 0x0000000090000000, 0x0000000090000000| Complete 
| 257|0x0000000090100000, 0x0000000090200000, 0x0000000090200000|100%| E|CS|TAMS 0x0000000090100000, 0x0000000090100000| Complete 
| 258|0x0000000090200000, 0x0000000090300000, 0x0000000090300000|100%| E|CS|TAMS 0x0000000090200000, 0x0000000090200000| Complete 
| 259|0x0000000090300000, 0x0000000090400000, 0x0000000090400000|100%| E|CS|TAMS 0x0000000090300000, 0x0000000090300000| Complete 
| 260|0x0000000090400000, 0x0000000090500000, 0x0000000090500000|100%| E|CS|TAMS 0x0000000090400000, 0x0000000090400000| Complete 
| 261|0x0000000090500000, 0x0000000090600000, 0x0000000090600000|100%| E|CS|TAMS 0x0000000090500000, 0x0000000090500000| Complete 
| 262|0x0000000090600000, 0x0000000090700000, 0x0000000090700000|100%| E|CS|TAMS 0x0000000090600000, 0x0000000090600000| Complete 
| 263|0x0000000090700000, 0x0000000090800000, 0x0000000090800000|100%| E|CS|TAMS 0x0000000090700000, 0x0000000090700000| Complete 
| 264|0x0000000090800000, 0x0000000090900000, 0x0000000090900000|100%| E|CS|TAMS 0x0000000090800000, 0x0000000090800000| Complete 
| 265|0x0000000090900000, 0x0000000090a00000, 0x0000000090a00000|100%| E|CS|TAMS 0x0000000090900000, 0x0000000090900000| Complete 
| 266|0x0000000090a00000, 0x0000000090b00000, 0x0000000090b00000|100%| E|CS|TAMS 0x0000000090a00000, 0x0000000090a00000| Complete 
| 267|0x0000000090b00000, 0x0000000090c00000, 0x0000000090c00000|100%| E|CS|TAMS 0x0000000090b00000, 0x0000000090b00000| Complete 
| 268|0x0000000090c00000, 0x0000000090d00000, 0x0000000090d00000|100%| E|CS|TAMS 0x0000000090c00000, 0x0000000090c00000| Complete 
| 269|0x0000000090d00000, 0x0000000090e00000, 0x0000000090e00000|100%| E|CS|TAMS 0x0000000090d00000, 0x0000000090d00000| Complete 
| 270|0x0000000090e00000, 0x0000000090f00000, 0x0000000090f00000|100%| E|CS|TAMS 0x0000000090e00000, 0x0000000090e00000| Complete 
| 271|0x0000000090f00000, 0x0000000091000000, 0x0000000091000000|100%| E|CS|TAMS 0x0000000090f00000, 0x0000000090f00000| Complete 
| 272|0x0000000091000000, 0x0000000091100000, 0x0000000091100000|100%| E|CS|TAMS 0x0000000091000000, 0x0000000091000000| Complete 
| 273|0x0000000091100000, 0x0000000091200000, 0x0000000091200000|100%| E|CS|TAMS 0x0000000091100000, 0x0000000091100000| Complete 
| 274|0x0000000091200000, 0x0000000091300000, 0x0000000091300000|100%| E|CS|TAMS 0x0000000091200000, 0x0000000091200000| Complete 
| 275|0x0000000091300000, 0x0000000091400000, 0x0000000091400000|100%| E|CS|TAMS 0x0000000091300000, 0x0000000091300000| Complete 
| 276|0x0000000091400000, 0x0000000091500000, 0x0000000091500000|100%| E|CS|TAMS 0x0000000091400000, 0x0000000091400000| Complete 
| 277|0x0000000091500000, 0x0000000091600000, 0x0000000091600000|100%| E|CS|TAMS 0x0000000091500000, 0x0000000091500000| Complete 
| 278|0x0000000091600000, 0x0000000091700000, 0x0000000091700000|100%| E|CS|TAMS 0x0000000091600000, 0x0000000091600000| Complete 
| 279|0x0000000091700000, 0x0000000091800000, 0x0000000091800000|100%| E|CS|TAMS 0x0000000091700000, 0x0000000091700000| Complete 
| 280|0x0000000091800000, 0x0000000091900000, 0x0000000091900000|100%| E|CS|TAMS 0x0000000091800000, 0x0000000091800000| Complete 
| 281|0x0000000091900000, 0x0000000091a00000, 0x0000000091a00000|100%| E|CS|TAMS 0x0000000091900000, 0x0000000091900000| Complete 
| 282|0x0000000091a00000, 0x0000000091b00000, 0x0000000091b00000|100%| E|CS|TAMS 0x0000000091a00000, 0x0000000091a00000| Complete 
| 283|0x0000000091b00000, 0x0000000091c00000, 0x0000000091c00000|100%| E|CS|TAMS 0x0000000091b00000, 0x0000000091b00000| Complete 
| 284|0x0000000091c00000, 0x0000000091d00000, 0x0000000091d00000|100%| E|CS|TAMS 0x0000000091c00000, 0x0000000091c00000| Complete 
| 285|0x0000000091d00000, 0x0000000091e00000, 0x0000000091e00000|100%| E|CS|TAMS 0x0000000091d00000, 0x0000000091d00000| Complete 
| 286|0x0000000091e00000, 0x0000000091f00000, 0x0000000091f00000|100%| E|CS|TAMS 0x0000000091e00000, 0x0000000091e00000| Complete 
| 287|0x0000000091f00000, 0x0000000092000000, 0x0000000092000000|100%| E|CS|TAMS 0x0000000091f00000, 0x0000000091f00000| Complete 
| 288|0x0000000092000000, 0x0000000092100000, 0x0000000092100000|100%| E|CS|TAMS 0x0000000092000000, 0x0000000092000000| Complete 
| 289|0x0000000092100000, 0x0000000092200000, 0x0000000092200000|100%| E|CS|TAMS 0x0000000092100000, 0x0000000092100000| Complete 
| 290|0x0000000092200000, 0x0000000092300000, 0x0000000092300000|100%| E|CS|TAMS 0x0000000092200000, 0x0000000092200000| Complete 
| 291|0x0000000092300000, 0x0000000092400000, 0x0000000092400000|100%| E|CS|TAMS 0x0000000092300000, 0x0000000092300000| Complete 
| 292|0x0000000092400000, 0x0000000092500000, 0x0000000092500000|100%| E|CS|TAMS 0x0000000092400000, 0x0000000092400000| Complete 
| 293|0x0000000092500000, 0x0000000092600000, 0x0000000092600000|100%| E|CS|TAMS 0x0000000092500000, 0x0000000092500000| Complete 
| 294|0x0000000092600000, 0x0000000092700000, 0x0000000092700000|100%| E|CS|TAMS 0x0000000092600000, 0x0000000092600000| Complete 
| 295|0x0000000092700000, 0x0000000092800000, 0x0000000092800000|100%| E|CS|TAMS 0x0000000092700000, 0x0000000092700000| Complete 
| 296|0x0000000092800000, 0x0000000092900000, 0x0000000092900000|100%| E|CS|TAMS 0x0000000092800000, 0x0000000092800000| Complete 
| 297|0x0000000092900000, 0x0000000092a00000, 0x0000000092a00000|100%| E|CS|TAMS 0x0000000092900000, 0x0000000092900000| Complete 
| 298|0x0000000092a00000, 0x0000000092b00000, 0x0000000092b00000|100%| E|CS|TAMS 0x0000000092a00000, 0x0000000092a00000| Complete 
| 299|0x0000000092b00000, 0x0000000092c00000, 0x0000000092c00000|100%| E|CS|TAMS 0x0000000092b00000, 0x0000000092b00000| Complete 
| 300|0x0000000092c00000, 0x0000000092d00000, 0x0000000092d00000|100%| E|CS|TAMS 0x0000000092c00000, 0x0000000092c00000| Complete 
| 301|0x0000000092d00000, 0x0000000092e00000, 0x0000000092e00000|100%| E|CS|TAMS 0x0000000092d00000, 0x0000000092d00000| Complete 
| 302|0x0000000092e00000, 0x0000000092f00000, 0x0000000092f00000|100%| E|CS|TAMS 0x0000000092e00000, 0x0000000092e00000| Complete 
| 303|0x0000000092f00000, 0x0000000093000000, 0x0000000093000000|100%| E|CS|TAMS 0x0000000092f00000, 0x0000000092f00000| Complete 
| 304|0x0000000093000000, 0x0000000093100000, 0x0000000093100000|100%| E|CS|TAMS 0x0000000093000000, 0x0000000093000000| Complete 
| 305|0x0000000093100000, 0x0000000093200000, 0x0000000093200000|100%| E|CS|TAMS 0x0000000093100000, 0x0000000093100000| Complete 
| 306|0x0000000093200000, 0x0000000093300000, 0x0000000093300000|100%| E|CS|TAMS 0x0000000093200000, 0x0000000093200000| Complete 
| 307|0x0000000093300000, 0x0000000093400000, 0x0000000093400000|100%| E|CS|TAMS 0x0000000093300000, 0x0000000093300000| Complete 
| 308|0x0000000093400000, 0x0000000093500000, 0x0000000093500000|100%| E|CS|TAMS 0x0000000093400000, 0x0000000093400000| Complete 
| 309|0x0000000093500000, 0x0000000093600000, 0x0000000093600000|100%| E|CS|TAMS 0x0000000093500000, 0x0000000093500000| Complete 
| 310|0x0000000093600000, 0x0000000093700000, 0x0000000093700000|100%| E|CS|TAMS 0x0000000093600000, 0x0000000093600000| Complete 
| 311|0x0000000093700000, 0x0000000093800000, 0x0000000093800000|100%| E|CS|TAMS 0x0000000093700000, 0x0000000093700000| Complete 
| 312|0x0000000093800000, 0x0000000093900000, 0x0000000093900000|100%| E|CS|TAMS 0x0000000093800000, 0x0000000093800000| Complete 
| 313|0x0000000093900000, 0x0000000093a00000, 0x0000000093a00000|100%| E|CS|TAMS 0x0000000093900000, 0x0000000093900000| Complete 
| 314|0x0000000093a00000, 0x0000000093b00000, 0x0000000093b00000|100%| E|CS|TAMS 0x0000000093a00000, 0x0000000093a00000| Complete 
| 315|0x0000000093b00000, 0x0000000093c00000, 0x0000000093c00000|100%| E|CS|TAMS 0x0000000093b00000, 0x0000000093b00000| Complete 
| 316|0x0000000093c00000, 0x0000000093d00000, 0x0000000093d00000|100%| E|CS|TAMS 0x0000000093c00000, 0x0000000093c00000| Complete 

Card table byte_map: [0x0000023822ad0000,0x0000023822ed0000] _byte_map_base: 0x00000238226d0000

Marking Bits (Prev, Next): (CMBitMap*) 0x000002380f1ad508, (CMBitMap*) 0x000002380f1ad540
 Prev Bits: [0x00000238232d0000, 0x00000238252d0000)
 Next Bits: [0x00000238252d0000, 0x00000238272d0000)

Polling page: 0x000002380d920000

Metaspace:

Usage:
  Non-class:    120.82 MB capacity,   118.34 MB ( 98%) used,     2.04 MB (  2%) free+waste,   447.88 KB ( <1%) overhead. 
      Class:     18.19 MB capacity,    16.77 MB ( 92%) used,     1.23 MB (  7%) free+waste,   202.06 KB (  1%) overhead. 
       Both:    139.01 MB capacity,   135.11 MB ( 97%) used,     3.27 MB (  2%) free+waste,   649.94 KB ( <1%) overhead. 

Virtual space:
  Non-class space:      122.00 MB reserved,     121.00 MB (>99%) committed 
      Class space:        1.00 GB reserved,      18.34 MB (  2%) committed 
             Both:        1.12 GB reserved,     139.34 MB ( 12%) committed 

Chunk freelists:
   Non-Class:  58.00 KB
       Class:  27.00 KB
        Both:  85.00 KB

MaxMetaspaceSize: 17179869184.00 GB
CompressedClassSpaceSize: 1.00 GB

CodeHeap 'non-profiled nmethods': size=120000Kb used=14479Kb max_used=14479Kb free=105520Kb
 bounds [0x000002381a730000, 0x000002381b560000, 0x0000023821c60000]
CodeHeap 'profiled nmethods': size=120000Kb used=45585Kb max_used=45585Kb free=74414Kb
 bounds [0x0000023813200000, 0x0000023815ea0000, 0x000002381a730000]
CodeHeap 'non-nmethods': size=5760Kb used=2378Kb max_used=2470Kb free=3381Kb
 bounds [0x0000023812c60000, 0x0000023812ee0000, 0x0000023813200000]
 total_blobs=21619 nmethods=20609 adapters=920
 compilation: enabled
              stopped_count=0, restarted_count=0
 full_count=0

Compilation events (20 events):
Event: 2075.078 Thread 0x0000023829dcb800 nmethod 22708 0x0000023815e63290 code [0x0000023815e63440, 0x0000023815e63568]
Event: 2075.078 Thread 0x0000023829dcb800 22704       2       com.android.tools.r8.internal.D4::<init> (86 bytes)
Event: 2075.078 Thread 0x0000023829dcb800 nmethod 22704 0x0000023815e63610 code [0x0000023815e637c0, 0x0000023815e63958]
Event: 2075.078 Thread 0x0000023829dcb800 22716       2       com.android.tools.r8.code.H::<init> (5 bytes)
Event: 2075.078 Thread 0x0000023829dcb800 nmethod 22716 0x0000023815e63a10 code [0x0000023815e63bc0, 0x0000023815e63cb8]
Event: 2075.078 Thread 0x0000023829dcb800 22712       2       com.android.tools.r8.internal.g7::a (19 bytes)
Event: 2075.078 Thread 0x0000023829dcb800 nmethod 22712 0x0000023815e63d90 code [0x0000023815e63f40, 0x0000023815e64068]
Event: 2075.078 Thread 0x0000023829dcb800 22719       2       com.android.tools.r8.internal.Me$f::<init> (7 bytes)
Event: 2075.078 Thread 0x0000023829dcb800 nmethod 22719 0x0000023815e64110 code [0x0000023815e642c0, 0x0000023815e643c8]
Event: 2075.078 Thread 0x0000023829dcb800 22723       2       com.android.tools.r8.internal.V4::a (170 bytes)
Event: 2075.079 Thread 0x0000023829dcb800 nmethod 22723 0x0000023815e64490 code [0x0000023815e646e0, 0x0000023815e64ce8]
Event: 2075.079 Thread 0x0000023829dcb800 22725       2       com.android.tools.r8.internal.Nv::a (455 bytes)
Event: 2075.080 Thread 0x000002382d42e800 nmethod 22560 0x000002381b54e010 code [0x000002381b54e320, 0x000002381b550b40]
Event: 2075.080 Thread 0x000002382d42e800 22583       4       com.android.tools.r8.graph.T::a (35 bytes)
Event: 2075.080 Thread 0x0000023829dcb800 nmethod 22725 0x0000023815e65090 code [0x0000023815e654a0, 0x0000023815e66548]
Event: 2075.080 Thread 0x0000023829dcb800 22727       2       com.android.tools.r8.internal.Nv::h (2 bytes)
Event: 2075.081 Thread 0x0000023829dcb800 nmethod 22727 0x0000023815e67010 code [0x0000023815e671c0, 0x0000023815e672b8]
Event: 2075.081 Thread 0x0000023829dcb800 22728       2       com.android.tools.r8.internal.YG::a (162 bytes)
Event: 2075.081 Thread 0x0000023829dcb800 nmethod 22728 0x0000023815e67390 code [0x0000023815e675e0, 0x0000023815e67b98]
Event: 2075.081 Thread 0x0000023829dcb800 22724       2       com.android.tools.r8.internal.g7::a (14 bytes)

GC Heap History (20 events):
Event: 2071.347 GC heap before
{Heap before GC invocations=63 (full 0):
 garbage-first heap   total 270336K, used 221199K [0x0000000080000000, 0x0000000100000000)
  region size 1024K, 70 young (71680K), 2 survivors (2048K)
 Metaspace       used 123163K, capacity 126359K, committed 126936K, reserved 1159168K
  class space    used 15018K, capacity 16148K, committed 16344K, reserved 1048576K
}
Event: 2071.353 GC heap after
{Heap after GC invocations=64 (full 0):
 garbage-first heap   total 270336K, used 155831K [0x0000000080000000, 0x0000000100000000)
  region size 1024K, 7 young (7168K), 7 survivors (7168K)
 Metaspace       used 123163K, capacity 126359K, committed 126936K, reserved 1159168K
  class space    used 15018K, capacity 16148K, committed 16344K, reserved 1048576K
}
Event: 2072.775 GC heap before
{Heap before GC invocations=64 (full 0):
 garbage-first heap   total 270336K, used 221367K [0x0000000080000000, 0x0000000100000000)
  region size 1024K, 72 young (73728K), 7 survivors (7168K)
 Metaspace       used 124539K, capacity 127795K, committed 128088K, reserved 1161216K
  class space    used 15148K, capacity 16278K, committed 16472K, reserved 1048576K
}
Event: 2072.784 GC heap after
{Heap after GC invocations=65 (full 0):
 garbage-first heap   total 270336K, used 155254K [0x0000000080000000, 0x0000000100000000)
  region size 1024K, 4 young (4096K), 4 survivors (4096K)
 Metaspace       used 124539K, capacity 127795K, committed 128088K, reserved 1161216K
  class space    used 15148K, capacity 16278K, committed 16472K, reserved 1048576K
}
Event: 2073.169 GC heap before
{Heap before GC invocations=65 (full 0):
 garbage-first heap   total 270336K, used 222838K [0x0000000080000000, 0x0000000100000000)
  region size 1024K, 71 young (72704K), 4 survivors (4096K)
 Metaspace       used 126886K, capacity 130270K, committed 130392K, reserved 1163264K
  class space    used 15476K, capacity 16631K, committed 16728K, reserved 1048576K
}
Event: 2073.174 GC heap after
{Heap after GC invocations=66 (full 0):
 garbage-first heap   total 270336K, used 156478K [0x0000000080000000, 0x0000000100000000)
  region size 1024K, 5 young (5120K), 5 survivors (5120K)
 Metaspace       used 126886K, capacity 130270K, committed 130392K, reserved 1163264K
  class space    used 15476K, capacity 16631K, committed 16728K, reserved 1048576K
}
Event: 2073.545 GC heap before
{Heap before GC invocations=66 (full 0):
 garbage-first heap   total 270336K, used 225086K [0x0000000080000000, 0x0000000100000000)
  region size 1024K, 73 young (74752K), 5 survivors (5120K)
 Metaspace       used 128484K, capacity 131777K, committed 131928K, reserved 1165312K
  class space    used 15668K, capacity 16834K, committed 16984K, reserved 1048576K
}
Event: 2073.553 GC heap after
{Heap after GC invocations=67 (full 0):
 garbage-first heap   total 270336K, used 161005K [0x0000000080000000, 0x0000000100000000)
  region size 1024K, 9 young (9216K), 9 survivors (9216K)
 Metaspace       used 128484K, capacity 131777K, committed 131928K, reserved 1165312K
  class space    used 15668K, capacity 16834K, committed 16984K, reserved 1048576K
}
Event: 2073.861 GC heap before
{Heap before GC invocations=67 (full 0):
 garbage-first heap   total 270336K, used 210157K [0x0000000080000000, 0x0000000100000000)
  region size 1024K, 58 young (59392K), 9 survivors (9216K)
 Metaspace       used 130466K, capacity 133792K, committed 133976K, reserved 1165312K
  class space    used 15923K, capacity 17102K, committed 17240K, reserved 1048576K
}
Event: 2073.893 GC heap after
{Heap after GC invocations=68 (full 0):
 garbage-first heap   total 270336K, used 169715K [0x0000000080000000, 0x0000000100000000)
  region size 1024K, 10 young (10240K), 10 survivors (10240K)
 Metaspace       used 130466K, capacity 133792K, committed 133976K, reserved 1165312K
  class space    used 15923K, capacity 17102K, committed 17240K, reserved 1048576K
}
Event: 2074.117 GC heap before
{Heap before GC invocations=68 (full 0):
 garbage-first heap   total 270336K, used 208627K [0x0000000080000000, 0x0000000100000000)
  region size 1024K, 63 young (64512K), 10 survivors (10240K)
 Metaspace       used 131669K, capacity 135033K, committed 135128K, reserved 1167360K
  class space    used 16101K, capacity 17281K, committed 17368K, reserved 1048576K
}
Event: 2074.127 GC heap after
{Heap after GC invocations=69 (full 0):
 garbage-first heap   total 270336K, used 158293K [0x0000000080000000, 0x0000000100000000)
  region size 1024K, 5 young (5120K), 5 survivors (5120K)
 Metaspace       used 131669K, capacity 135033K, committed 135128K, reserved 1167360K
  class space    used 16101K, capacity 17281K, committed 17368K, reserved 1048576K
}
Event: 2074.248 GC heap before
{Heap before GC invocations=70 (full 0):
 garbage-first heap   total 270336K, used 217685K [0x0000000080000000, 0x0000000100000000)
  region size 1024K, 64 young (65536K), 5 survivors (5120K)
 Metaspace       used 133043K, capacity 136547K, committed 136664K, reserved 1169408K
  class space    used 16332K, capacity 17583K, committed 17624K, reserved 1048576K
}
Event: 2074.254 GC heap after
{Heap after GC invocations=71 (full 0):
 garbage-first heap   total 270336K, used 159836K [0x0000000080000000, 0x0000000100000000)
  region size 1024K, 6 young (6144K), 6 survivors (6144K)
 Metaspace       used 133043K, capacity 136547K, committed 136664K, reserved 1169408K
  class space    used 16332K, capacity 17583K, committed 17624K, reserved 1048576K
}
Event: 2074.267 GC heap before
{Heap before GC invocations=71 (full 0):
 garbage-first heap   total 270336K, used 167004K [0x0000000080000000, 0x0000000100000000)
  region size 1024K, 13 young (13312K), 6 survivors (6144K)
 Metaspace       used 133156K, capacity 136686K, committed 136920K, reserved 1169408K
  class space    used 16353K, capacity 17587K, committed 17624K, reserved 1048576K
}
Event: 2074.279 GC heap after
{Heap after GC invocations=72 (full 0):
 garbage-first heap   total 270336K, used 138550K [0x0000000080000000, 0x0000000100000000)
  region size 1024K, 2 young (2048K), 2 survivors (2048K)
 Metaspace       used 133156K, capacity 136686K, committed 136920K, reserved 1169408K
  class space    used 16353K, capacity 17587K, committed 17624K, reserved 1048576K
}
Event: 2074.296 GC heap before
{Heap before GC invocations=72 (full 0):
 garbage-first heap   total 270336K, used 149814K [0x0000000080000000, 0x0000000100000000)
  region size 1024K, 13 young (13312K), 2 survivors (2048K)
 Metaspace       used 133290K, capacity 136790K, committed 137048K, reserved 1169408K
  class space    used 16375K, capacity 17622K, committed 17752K, reserved 1048576K
}
Event: 2074.305 GC heap after
{Heap after GC invocations=73 (full 0):
 garbage-first heap   total 270336K, used 137014K [0x0000000080000000, 0x0000000100000000)
  region size 1024K, 2 young (2048K), 2 survivors (2048K)
 Metaspace       used 133290K, capacity 136790K, committed 137048K, reserved 1169408K
  class space    used 16375K, capacity 17622K, committed 17752K, reserved 1048576K
}
Event: 2074.733 GC heap before
{Heap before GC invocations=73 (full 0):
 garbage-first heap   total 270336K, used 210742K [0x0000000080000000, 0x0000000100000000)
  region size 1024K, 73 young (74752K), 2 survivors (2048K)
 Metaspace       used 137206K, capacity 141161K, committed 141400K, reserved 1171456K
  class space    used 17060K, capacity 18482K, committed 18520K, reserved 1048576K
}
Event: 2074.746 GC heap after
{Heap after GC invocations=74 (full 0):
 garbage-first heap   total 324608K, used 144507K [0x0000000080000000, 0x0000000100000000)
  region size 1024K, 9 young (9216K), 9 survivors (9216K)
 Metaspace       used 137206K, capacity 141161K, committed 141400K, reserved 1171456K
  class space    used 17060K, capacity 18482K, committed 18520K, reserved 1048576K
}

Deoptimization events (20 events):
Event: 2074.757 Thread 0x0000023830546000 DEOPT PACKING pc=0x00000238136384a4 sp=0x0000007a73ffcb10
Event: 2074.757 Thread 0x0000023830546000 DEOPT UNPACKING pc=0x0000023812c876ce sp=0x0000007a73ffbff8 mode 0
Event: 2074.757 Thread 0x0000023830546000 DEOPT PACKING pc=0x0000023813652fac sp=0x0000007a73ffcc40
Event: 2074.757 Thread 0x0000023830546000 DEOPT UNPACKING pc=0x0000023812c876ce sp=0x0000007a73ffc0f0 mode 0
Event: 2074.757 Thread 0x0000023830546000 DEOPT PACKING pc=0x00000238135b8e14 sp=0x0000007a73ffd2c0
Event: 2074.757 Thread 0x0000023830546000 DEOPT UNPACKING pc=0x0000023812c876ce sp=0x0000007a73ffc860 mode 0
Event: 2074.757 Thread 0x0000023830546000 DEOPT PACKING pc=0x00000238147d62dc sp=0x0000007a73ffeb70
Event: 2074.757 Thread 0x0000023830546000 DEOPT UNPACKING pc=0x0000023812c876ce sp=0x0000007a73ffe140 mode 0
Event: 2074.879 Thread 0x000002382d430800 DEOPT PACKING pc=0x0000023815baa301 sp=0x0000007a73df9080
Event: 2074.879 Thread 0x000002382d430800 DEOPT UNPACKING pc=0x0000023812c876ce sp=0x0000007a73df8810 mode 0
Event: 2074.890 Thread 0x000002382d430800 DEOPT PACKING pc=0x0000023815bab675 sp=0x0000007a73df90a0
Event: 2074.890 Thread 0x000002382d430800 DEOPT UNPACKING pc=0x0000023812c876ce sp=0x0000007a73df8828 mode 0
Event: 2074.905 Thread 0x000002382d430800 DEOPT PACKING pc=0x0000023815baa301 sp=0x0000007a73df9080
Event: 2074.905 Thread 0x000002382d430800 DEOPT UNPACKING pc=0x0000023812c876ce sp=0x0000007a73df8810 mode 0
Event: 2074.962 Thread 0x0000023830545000 DEOPT PACKING pc=0x0000023815cec963 sp=0x0000007a73ef9d10
Event: 2074.962 Thread 0x0000023830545000 DEOPT UNPACKING pc=0x0000023812c876ce sp=0x0000007a73ef91a8 mode 0
Event: 2075.023 Thread 0x000002382d430800 Uncommon trap: trap_request=0xfffffff4 fr.pc=0x000002381b54a1a8 relative=0x0000000000000448
Event: 2075.023 Thread 0x000002382d430800 Uncommon trap: reason=null_check action=make_not_entrant pc=0x000002381b54a1a8 method=com.android.tools.r8.graph.T.a(Ljava/util/Map;Lcom/android/tools/r8/graph/S;)Lcom/android/tools/r8/graph/S; @ 39 c2
Event: 2075.023 Thread 0x000002382d430800 DEOPT PACKING pc=0x000002381b54a1a8 sp=0x0000007a73df9200
Event: 2075.023 Thread 0x000002382d430800 DEOPT UNPACKING pc=0x0000023812c878af sp=0x0000007a73df9138 mode 2

Classes redefined (0 events):
No events

Internal exceptions (20 events):
Event: 2074.309 Thread 0x0000023830546000 Exception <a 'java/lang/IncompatibleClassChangeError'{0x0000000090403468}: Found class java.lang.Object, but interface was expected> (0x0000000090403468) thrown at [./src/hotspot/share/interpreter/linkResolver.cpp, line 839]
Event: 2074.310 Thread 0x0000023830546000 Exception <a 'java/lang/IncompatibleClassChangeError'{0x00000000904d72d0}: Found class java.lang.Object, but interface was expected> (0x00000000904d72d0) thrown at [./src/hotspot/share/interpreter/linkResolver.cpp, line 839]
Event: 2074.319 Thread 0x0000023830549000 Exception <a 'java/lang/NoSuchMethodError'{0x000000009021aa48}: 'void java.lang.invoke.DirectMethodHandle$Holder.invokeVirtual(java.lang.Object, java.lang.Object, int, java.lang.Object)'> (0x000000009021aa48) thrown at [./src/hotspot/share/interpreter/linkResolver.cpp, line 773]
Event: 2074.414 Thread 0x0000023830546800 Exception <a 'java/lang/NoSuchMethodError'{0x000000008e90cad0}: 'java.lang.Object java.lang.invoke.DirectMethodHandle$Holder.invokeInterface(java.lang.Object, java.lang.Object, int)'> (0x000000008e90cad0) thrown at [./src/hotspot/share/interpreter/linkResolver.cpp, line 773]
Event: 2074.446 Thread 0x0000023830549000 Exception <a 'java/lang/NoSuchMethodError'{0x000000008e5578a8}: 'java.lang.Object java.lang.invoke.DirectMethodHandle$Holder.newInvokeSpecial(java.lang.Object, int)'> (0x000000008e5578a8) thrown at [./src/hotspot/share/interpreter/linkResolver.cpp, line 773]
Event: 2074.557 Thread 0x0000023830546000 Exception <a 'java/lang/NoSuchMethodError'{0x000000008d728358}: 'void java.lang.invoke.DirectMethodHandle$Holder.invokeSpecial(java.lang.Object, java.lang.Object, int, java.lang.Object, java.lang.Object, java.lang.Object, java.lang.Object)'> (0x000000008d728358) thrown at [./src/hotspot/share/interpreter/linkResolver.cpp, line 773]
Event: 2074.558 Thread 0x0000023830546000 Exception <a 'java/lang/NoSuchMethodError'{0x000000008d73d190}: 'java.lang.Object java.lang.invoke.Invokers$Holder.linkToTargetMethod(java.lang.Object, int, java.lang.Object, java.lang.Object, java.lang.Object, java.lang.Object)'> (0x000000008d73d190) thrown at [./src/hotspot/share/interpreter/linkResolver.cpp, line 773]
Event: 2074.559 Thread 0x0000023830546000 Exception <a 'java/lang/NoSuchMethodError'{0x000000008d741a80}: 'void java.lang.invoke.DirectMethodHandle$Holder.invokeSpecial(java.lang.Object, java.lang.Object, java.lang.Object, java.lang.Object, java.lang.Object, java.lang.Object, java.lang.Object, java.lang.Object, java.lang.Object)'> (0x000000008d741a80) thrown at [./src/hotspot/share/interpreter/linkResolver.cpp, line 773]
Event: 2074.559 Thread 0x0000023830546800 Exception <a 'java/lang/NoSuchMethodError'{0x000000008d9512d0}: 'void java.lang.invoke.DirectMethodHandle$Holder.invokeSpecial(java.lang.Object, java.lang.Object, java.lang.Object, java.lang.Object, java.lang.Object, java.lang.Object, java.lang.Object, java.lang.Object, java.lang.Object)'> (0x000000008d9512d0) thrown at [./src/hotspot/share/interpreter/linkResolver.cpp, line 773]
Event: 2074.563 Thread 0x0000023830546800 Exception <a 'java/lang/NoSuchMethodError'{0x000000008d7c2c60}: 'void java.lang.invoke.DirectMethodHandle$Holder.invokeStatic(java.lang.Object, java.lang.Object, java.lang.Object, java.lang.Object, java.lang.Object, java.lang.Object, java.lang.Object, java.lang.Object)'> (0x000000008d7c2c60) thrown at [./src/hotspot/share/interpreter/linkResolver.cpp, line 773]
Event: 2074.563 Thread 0x0000023830546000 Exception <a 'java/lang/NoSuchMethodError'{0x000000008d75f0b0}: 'void java.lang.invoke.DirectMethodHandle$Holder.invokeStatic(java.lang.Object, java.lang.Object, java.lang.Object, java.lang.Object, java.lang.Object, java.lang.Object, java.lang.Object, java.lang.Object)'> (0x000000008d75f0b0) thrown at [./src/hotspot/share/interpreter/linkResolver.cpp, line 773]
Event: 2074.642 Thread 0x0000023830546000 Exception <a 'java/lang/IncompatibleClassChangeError'{0x000000008ced2120}: Found class java.lang.Object, but interface was expected> (0x000000008ced2120) thrown at [./src/hotspot/share/interpreter/linkResolver.cpp, line 839]
Event: 2074.695 Thread 0x0000023830546800 Exception <a 'java/lang/NoSuchMethodError'{0x000000008c6c7518}: 'void java.lang.invoke.DirectMethodHandle$Holder.invokeVirtual(java.lang.Object, java.lang.Object, int)'> (0x000000008c6c7518) thrown at [./src/hotspot/share/interpreter/linkResolver.cpp, line 773]
Event: 2074.695 Thread 0x0000023830549000 Exception <a 'java/lang/NoSuchMethodError'{0x000000008c6b0a88}: 'void java.lang.invoke.DirectMethodHandle$Holder.invokeVirtual(java.lang.Object, java.lang.Object, int)'> (0x000000008c6b0a88) thrown at [./src/hotspot/share/interpreter/linkResolver.cpp, line 773]
Event: 2074.695 Thread 0x0000023830546000 Exception <a 'java/lang/NoSuchMethodError'{0x000000008c6bf280}: 'void java.lang.invoke.DirectMethodHandle$Holder.invokeVirtual(java.lang.Object, java.lang.Object, int)'> (0x000000008c6bf280) thrown at [./src/hotspot/share/interpreter/linkResolver.cpp, line 773]
Event: 2074.721 Thread 0x0000023830546000 Exception <a 'sun/nio/fs/WindowsException'{0x000000008c2ab858}> (0x000000008c2ab858) thrown at [./src/hotspot/share/prims/jni.cpp, line 615]
Event: 2074.722 Thread 0x0000023830546800 Exception <a 'sun/nio/fs/WindowsException'{0x000000008c00f0f8}> (0x000000008c00f0f8) thrown at [./src/hotspot/share/prims/jni.cpp, line 615]
Event: 2074.722 Thread 0x0000023830549000 Exception <a 'sun/nio/fs/WindowsException'{0x000000008c297bc8}> (0x000000008c297bc8) thrown at [./src/hotspot/share/prims/jni.cpp, line 615]
Event: 2074.723 Thread 0x0000023830546000 Implicit null exception at 0x000002381adc9b5c to 0x000002381adcd090
Event: 2075.023 Thread 0x000002382d430800 Implicit null exception at 0x000002381b549ff8 to 0x000002381b54a198

Events (20 events):
Event: 2074.991 loading class com/android/tools/r8/internal/wz
Event: 2074.991 loading class com/android/tools/r8/internal/wz done
Event: 2074.991 loading class com/android/tools/r8/graph/Q
Event: 2074.991 loading class com/android/tools/r8/graph/Q done
Event: 2075.004 Executing VM operation: ICBufferFull
Event: 2075.005 Executing VM operation: ICBufferFull done
Event: 2075.055 loading class com/android/tools/r8/code/R2
Event: 2075.055 loading class com/android/tools/r8/code/R2 done
Event: 2075.055 loading class com/android/tools/r8/code/B3
Event: 2075.055 loading class com/android/tools/r8/code/B3 done
Event: 2075.056 loading class com/android/tools/r8/code/S2
Event: 2075.056 loading class com/android/tools/r8/code/S2 done
Event: 2075.056 loading class com/android/tools/r8/code/S3
Event: 2075.056 loading class com/android/tools/r8/code/S3 done
Event: 2075.056 loading class com/android/tools/r8/code/C3
Event: 2075.056 loading class com/android/tools/r8/code/C3 done
Event: 2075.058 Executing VM operation: ICBufferFull
Event: 2075.058 Executing VM operation: ICBufferFull done
Event: 2075.061 loading class com/android/tools/r8/internal/ia
Event: 2075.061 loading class com/android/tools/r8/internal/ia done


Dynamic libraries:
0x00007ff663bd0000 - 0x00007ff663bda000 	C:\Program Files\Android\Android Studio\jre\bin\java.exe
0x00007fff37670000 - 0x00007fff37865000 	C:\WINDOWS\SYSTEM32\ntdll.dll
0x00007fff366b0000 - 0x00007fff3676e000 	C:\WINDOWS\System32\KERNEL32.DLL
0x00007fff35210000 - 0x00007fff354d8000 	C:\WINDOWS\System32\KERNELBASE.dll
0x00007fff354e0000 - 0x00007fff355e0000 	C:\WINDOWS\System32\ucrtbase.dll
0x00007fff2e440000 - 0x00007fff2e457000 	C:\Program Files\Android\Android Studio\jre\bin\VCRUNTIME140.dll
0x00007fff204c0000 - 0x00007fff204d9000 	C:\Program Files\Android\Android Studio\jre\bin\jli.dll
0x00007fff36770000 - 0x00007fff36911000 	C:\WINDOWS\System32\USER32.dll
0x00007fff35690000 - 0x00007fff356b2000 	C:\WINDOWS\System32\win32u.dll
0x00007fff0f550000 - 0x00007fff0f7ea000 	C:\WINDOWS\WinSxS\amd64_microsoft.windows.common-controls_6595b64144ccf1df_6.0.19041.1110_none_60b5254171f9507e\COMCTL32.dll
0x00007fff361e0000 - 0x00007fff3620b000 	C:\WINDOWS\System32\GDI32.dll
0x00007fff36530000 - 0x00007fff365ce000 	C:\WINDOWS\System32\msvcrt.dll
0x00007fff34e90000 - 0x00007fff34f9b000 	C:\WINDOWS\System32\gdi32full.dll
0x00007fff34d90000 - 0x00007fff34e2d000 	C:\WINDOWS\System32\msvcp_win.dll
0x00007fff370e0000 - 0x00007fff37110000 	C:\WINDOWS\System32\IMM32.DLL
0x00007ffefe910000 - 0x00007ffefe9ad000 	C:\Program Files\Android\Android Studio\jre\bin\msvcp140.dll
0x00007ffebfe40000 - 0x00007ffec090f000 	C:\Program Files\Android\Android Studio\jre\bin\server\jvm.dll
0x00007fff35980000 - 0x00007fff35a2c000 	C:\WINDOWS\System32\ADVAPI32.dll
0x00007fff37590000 - 0x00007fff3762b000 	C:\WINDOWS\System32\sechost.dll
0x00007fff36fb0000 - 0x00007fff370da000 	C:\WINDOWS\System32\RPCRT4.dll
0x00007fff36df0000 - 0x00007fff36df8000 	C:\WINDOWS\System32\PSAPI.DLL
0x00007fff0ab50000 - 0x00007fff0ab59000 	C:\WINDOWS\SYSTEM32\WSOCK32.dll
0x00007fff0f9a0000 - 0x00007fff0f9c7000 	C:\WINDOWS\SYSTEM32\WINMM.dll
0x00007fff2d0b0000 - 0x00007fff2d0ba000 	C:\WINDOWS\SYSTEM32\VERSION.dll
0x00007fff36340000 - 0x00007fff363ab000 	C:\WINDOWS\System32\WS2_32.dll
0x00007fff33610000 - 0x00007fff33622000 	C:\WINDOWS\SYSTEM32\kernel.appcore.dll
0x00007fff2c150000 - 0x00007fff2c161000 	C:\Program Files\Android\Android Studio\jre\bin\verify.dll
0x00007fff32b90000 - 0x00007fff32d74000 	C:\WINDOWS\SYSTEM32\DBGHELP.DLL
0x00007fff24f40000 - 0x00007fff24f6c000 	C:\WINDOWS\SYSTEM32\dbgcore.DLL
0x00007fff34fa0000 - 0x00007fff35023000 	C:\WINDOWS\System32\bcryptPrimitives.dll
0x00007fff21c00000 - 0x00007fff21c29000 	C:\Program Files\Android\Android Studio\jre\bin\java.dll
0x00007fff32210000 - 0x00007fff3221b000 	C:\Program Files\Android\Android Studio\jre\bin\jimage.dll
0x00007fff21ed0000 - 0x00007fff21ee8000 	C:\Program Files\Android\Android Studio\jre\bin\zip.dll
0x00007fff35aa0000 - 0x00007fff361df000 	C:\WINDOWS\System32\SHELL32.dll
0x00007fff32e70000 - 0x00007fff33600000 	C:\WINDOWS\SYSTEM32\windows.storage.dll
0x00007fff36a00000 - 0x00007fff36d55000 	C:\WINDOWS\System32\combase.dll
0x00007fff347e0000 - 0x00007fff3480e000 	C:\WINDOWS\SYSTEM32\Wldp.dll
0x00007fff363b0000 - 0x00007fff3645d000 	C:\WINDOWS\System32\SHCORE.dll
0x00007fff35a30000 - 0x00007fff35a85000 	C:\WINDOWS\System32\shlwapi.dll
0x00007fff34cd0000 - 0x00007fff34cef000 	C:\WINDOWS\SYSTEM32\profapi.dll
0x00007fff208c0000 - 0x00007fff208da000 	C:\Program Files\Android\Android Studio\jre\bin\net.dll
0x00007fff18ae0000 - 0x00007fff18bec000 	C:\WINDOWS\SYSTEM32\WINHTTP.dll
0x00007fff34540000 - 0x00007fff345aa000 	C:\WINDOWS\system32\mswsock.dll
0x00007fff204a0000 - 0x00007fff204b4000 	C:\Program Files\Android\Android Studio\jre\bin\nio.dll
0x00007fff204e0000 - 0x00007fff20507000 	C:\Users\ASUS\.gradle\native\8bec1ad78214c89d9ad589b4d07fe93259594b29d510b10fafb7a158f7737e5d\windows-amd64\native-platform.dll
0x00007ffef5840000 - 0x00007ffef597d000 	C:\Users\ASUS\.gradle\native\53dbd7edfb1c66fb8903c78663c9afc45aea4f116125fa6feffd364cf09443e8\windows-amd64\native-platform-file-events.dll
0x00007fff30410000 - 0x00007fff3041a000 	C:\Program Files\Android\Android Studio\jre\bin\management.dll
0x00007fff2ec40000 - 0x00007fff2ec4c000 	C:\Program Files\Android\Android Studio\jre\bin\management_ext.dll
0x00007fff34730000 - 0x00007fff34748000 	C:\WINDOWS\SYSTEM32\CRYPTSP.dll
0x00007fff33e50000 - 0x00007fff33e84000 	C:\WINDOWS\system32\rsaenh.dll
0x00007fff35030000 - 0x00007fff35057000 	C:\WINDOWS\System32\bcrypt.dll
0x00007fff34c90000 - 0x00007fff34cbe000 	C:\WINDOWS\SYSTEM32\USERENV.dll
0x00007fff34750000 - 0x00007fff3475c000 	C:\WINDOWS\SYSTEM32\CRYPTBASE.dll
0x00007fff341e0000 - 0x00007fff3421b000 	C:\WINDOWS\SYSTEM32\IPHLPAPI.DLL
0x00007fff35a90000 - 0x00007fff35a98000 	C:\WINDOWS\System32\NSI.dll
0x00007fff2ad60000 - 0x00007fff2ad77000 	C:\WINDOWS\SYSTEM32\dhcpcsvc6.DLL
0x00007fff2c530000 - 0x00007fff2c54d000 	C:\WINDOWS\SYSTEM32\dhcpcsvc.DLL
0x00007fff34220000 - 0x00007fff342eb000 	C:\WINDOWS\SYSTEM32\DNSAPI.dll
0x00007fff33a80000 - 0x00007fff33ab3000 	C:\WINDOWS\SYSTEM32\ntmarta.dll
0x00007fff1f1c0000 - 0x00007fff1f1e7000 	C:\Program Files\Android\Android Studio\jre\bin\sunec.dll
0x00007fff2bb00000 - 0x00007fff2bb0a000 	C:\Windows\System32\rasadhlp.dll
0x00007fff11df0000 - 0x00007fff11e6f000 	C:\WINDOWS\System32\fwpuclnt.dll

dbghelp: loaded successfully - version: 4.0.5 - missing functions: none
symbol engine: initialized successfully - sym options: 0x614 - pdb path: .;C:\Program Files\Android\Android Studio\jre\bin;C:\WINDOWS\SYSTEM32;C:\WINDOWS\WinSxS\amd64_microsoft.windows.common-controls_6595b64144ccf1df_6.0.19041.1110_none_60b5254171f9507e;C:\Program Files\Android\Android Studio\jre\bin\server;C:\Users\ASUS\.gradle\native\8bec1ad78214c89d9ad589b4d07fe93259594b29d510b10fafb7a158f7737e5d\windows-amd64;C:\Users\ASUS\.gradle\native\53dbd7edfb1c66fb8903c78663c9afc45aea4f116125fa6feffd364cf09443e8\windows-amd64

VM Arguments:
jvm_args: --add-opens=java.base/java.util=ALL-UNNAMED --add-opens=java.base/java.lang=ALL-UNNAMED --add-opens=java.base/java.lang.invoke=ALL-UNNAMED --add-opens=java.base/java.util=ALL-UNNAMED --add-opens=java.prefs/java.util.prefs=ALL-UNNAMED --add-opens=java.prefs/java.util.prefs=ALL-UNNAMED --add-opens=java.base/java.nio.charset=ALL-UNNAMED --add-opens=java.base/java.net=ALL-UNNAMED --add-opens=java.base/java.util.concurrent.atomic=ALL-UNNAMED -Xmx2048m -Dfile.encoding=UTF-8 -Duser.country=US -Duser.language=en -Duser.variant 
java_command: org.gradle.launcher.daemon.bootstrap.GradleDaemon 7.0.2
java_class_path (initial): C:\Users\ASUS\.gradle\wrapper\dists\gradle-7.0.2-bin\857tjihv64xamwrf0h14cai3r\gradle-7.0.2\lib\gradle-launcher-7.0.2.jar
Launcher Type: SUN_STANDARD

[Global flags]
     intx CICompilerCount                          = 4                                         {product} {ergonomic}
     uint ConcGCThreads                            = 2                                         {product} {ergonomic}
     uint G1ConcRefinementThreads                  = 8                                         {product} {ergonomic}
   size_t G1HeapRegionSize                         = 1048576                                   {product} {ergonomic}
    uintx GCDrainStackTargetSize                   = 64                                        {product} {ergonomic}
   size_t InitialHeapSize                          = 132120576                                 {product} {ergonomic}
   size_t MarkStackSize                            = 4194304                                   {product} {ergonomic}
   size_t MaxHeapSize                              = 2147483648                                {product} {command line}
   size_t MaxNewSize                               = 1287651328                                {product} {ergonomic}
   size_t MinHeapDeltaBytes                        = 1048576                                   {product} {ergonomic}
    uintx NonNMethodCodeHeapSize                   = 5836300                                {pd product} {ergonomic}
    uintx NonProfiledCodeHeapSize                  = 122910970                              {pd product} {ergonomic}
    uintx ProfiledCodeHeapSize                     = 122910970                              {pd product} {ergonomic}
    uintx ReservedCodeCacheSize                    = 251658240                              {pd product} {ergonomic}
     bool SegmentedCodeCache                       = true                                      {product} {ergonomic}
     bool UseCompressedClassPointers               = true                                 {lp64_product} {ergonomic}
     bool UseCompressedOops                        = true                                 {lp64_product} {ergonomic}
     bool UseG1GC                                  = true                                      {product} {ergonomic}
     bool UseLargePagesIndividualAllocation        = false                                  {pd product} {ergonomic}

Logging:
Log output configuration:
 #0: stdout all=warning uptime,level,tags
 #1: stderr all=off uptime,level,tags

Environment Variables:
JAVA_HOME=C:\Program Files\Java\jdk1.8.0_181
PATH=C:\Program Files\Python310\Scripts\;C:\Program Files\Python310\;C:\Program Files (x86)\Common Files\Oracle\Java\javapath;C:\Windows\system32;C:\Windows;C:\Windows\System32\Wbem;C:\Windows\System32\WindowsPowerShell\v1.0\;C:\Windows\System32\OpenSSH\;C:\Program Files (x86)\NVIDIA Corporation\PhysX\Common;C:\Program Files\NVIDIA Corporation\NVIDIA NvDLISR;C:\Users\ASUS\AppData\Local\Microsoft\WindowsApps;C:\adb;C:\WINDOWS\system32;C:\WINDOWS;C:\WINDOWS\System32\Wbem;C:\WINDOWS\System32\WindowsPowerShell\v1.0\;C:\WINDOWS\System32\OpenSSH\;C:\Program Files\Git\cmd;C:\Users\ASUS\AppData\Local\Microsoft\WindowsApps;
USERNAME=Dat Tran Quoc
OS=Windows_NT
PROCESSOR_IDENTIFIER=Intel64 Family 6 Model 158 Stepping 10, GenuineIntel



---------------  S Y S T E M  ---------------

OS: Windows 10 , 64 bit Build 19041 (10.0.19041.1348)
OS uptime: 0 days 9:14 hours

CPU:total 8 (initial active 8) (4 cores per cpu, 2 threads per core) family 6 model 158 stepping 10 microcode 0xca, cmov, cx8, fxsr, mmx, sse, sse2, sse3, ssse3, sse4.1, sse4.2, popcnt, avx, avx2, aes, clmul, erms, 3dnowpref, lzcnt, ht, tsc, tscinvbit, bmi1, bmi2, adx, fma

Memory: 4k page, system-wide physical 8043M (375M free)
TotalPageFile size 16043M (AvailPageFile size 6M)
current process WorkingSet (physical memory assigned to process): 636M, peak: 637M
current process commit charge ("private bytes"): 761M, peak: 762M

vm_info: OpenJDK 64-Bit Server VM (11.0.10+0-b96-7249189) for windows-amd64 JRE (11.0.10+0-b96-7249189), built on Mar 31 2021 21:44:00 by "builder" with MS VC++ 14.0 (VS2015)

END.
